<?xml version="1.0" encoding="utf-8"?>
<?AutomationStudio Version="4.12.6.106"?>
<Objects>
  <Object
    Path="D:\Pachore_Mayuresh_ASDP\Pachore_Mayuresh_Project_2\Pachore_Mayuresh_Project_2\Logical\Package.pkg"
    LogicalPath=""
    Type="Package.ParentUnknown"
    LastWriteTime="133689579580000000" />
  <Object
    Path="D:\Pachore_Mayuresh_ASDP\Pachore_Mayuresh_Project_2\Pachore_Mayuresh_Project_2\Temp\Includes\AS_TempDecl\MpComponents.var"
    LogicalPath="MpComponents.var"
    Type="File"
    LastWriteTime="133699204942571087"
    Private="false" />
  <Object
    Path="D:\Pachore_Mayuresh_ASDP\Pachore_Mayuresh_Project_2\Pachore_Mayuresh_Project_2\Logical\MNG_Global.typ"
    LogicalPath="MNG_Global.typ"
    Type="File"
    LastWriteTime="133558250800000000"
    Private="false" />
  <Object
    Path="D:\Pachore_Mayuresh_ASDP\Pachore_Mayuresh_Project_2\Pachore_Mayuresh_Project_2\Logical\Global.typ"
    LogicalPath="Global.typ"
    Type="File"
    LastWriteTime="133540983160000000"
    Private="false" />
  <Object
    Path="D:\Pachore_Mayuresh_ASDP\Pachore_Mayuresh_Project_2\Pachore_Mayuresh_Project_2\Logical\MNG_Package.var"
    LogicalPath="MNG_Package.var"
    Type="File"
    LastWriteTime="133558250880000000"
    Private="false" />
  <Object
    Path="D:\Pachore_Mayuresh_ASDP\Pachore_Mayuresh_Project_2\Pachore_Mayuresh_Project_2\Logical\MNG_Package.typ"
    LogicalPath="MNG_Package.typ"
    Type="File"
    LastWriteTime="133558250840000000"
    Private="false" />
  <Object
    Path="D:\Pachore_Mayuresh_ASDP\Pachore_Mayuresh_Project_2\Pachore_Mayuresh_Project_2\Logical\Global.var"
    LogicalPath="Global.var"
    Type="File"
    LastWriteTime="133731222949004889"
    Private="false" />
  <Object
    Path="D:\Pachore_Mayuresh_ASDP\Pachore_Mayuresh_Project_2\Pachore_Mayuresh_Project_2\Logical\Libraries\Package.pkg"
    LogicalPath="Libraries"
    Type="Package"
    LastWriteTime="133868656731910675" />
  <Object
    Path="D:\Pachore_Mayuresh_ASDP\Pachore_Mayuresh_Project_2\Pachore_Mayuresh_Project_2\Logical\Libraries\operator\binary.lby"
    LogicalPath="Libraries.operator"
    Type="Library"
    LastWriteTime="133573205480000000" />
  <Object
    Path="D:\Pachore_Mayuresh_ASDP\Pachore_Mayuresh_Project_2\Pachore_Mayuresh_Project_2\Logical\Libraries\operator\operator.fun"
    LogicalPath="Libraries.operator.operator.fun"
    Type="File"
    LastWriteTime="133573205480000000"
    Private="false" />
  <Object
    Path="D:\Pachore_Mayuresh_ASDP\Pachore_Mayuresh_Project_2\Pachore_Mayuresh_Project_2\Logical\Libraries\operator\operator.typ"
    LogicalPath="Libraries.operator.operator.typ"
    Type="File"
    LastWriteTime="133573205480000000"
    Private="false" />
  <Object
    Path="D:\Pachore_Mayuresh_ASDP\Pachore_Mayuresh_Project_2\Pachore_Mayuresh_Project_2\Logical\Libraries\operator\operator.var"
    LogicalPath="Libraries.operator.operator.var"
    Type="File"
    LastWriteTime="133573205480000000"
    Private="false" />
  <Object
    Path="D:\Pachore_Mayuresh_ASDP\Pachore_Mayuresh_Project_2\Pachore_Mayuresh_Project_2\Logical\Libraries\runtime\binary.lby"
    LogicalPath="Libraries.runtime"
    Type="Library"
    LastWriteTime="133573205480000000" />
  <Object
    Path="D:\Pachore_Mayuresh_ASDP\Pachore_Mayuresh_Project_2\Pachore_Mayuresh_Project_2\Logical\Libraries\runtime\runtime.fun"
    LogicalPath="Libraries.runtime.runtime.fun"
    Type="File"
    LastWriteTime="133573205480000000"
    Private="false" />
  <Object
    Path="D:\Pachore_Mayuresh_ASDP\Pachore_Mayuresh_Project_2\Pachore_Mayuresh_Project_2\Logical\Libraries\runtime\runtime.typ"
    LogicalPath="Libraries.runtime.runtime.typ"
    Type="File"
    LastWriteTime="133573205480000000"
    Private="false" />
  <Object
    Path="D:\Pachore_Mayuresh_ASDP\Pachore_Mayuresh_Project_2\Pachore_Mayuresh_Project_2\Logical\Libraries\runtime\runtime.var"
    LogicalPath="Libraries.runtime.runtime.var"
    Type="File"
    LastWriteTime="133573205480000000"
    Private="false" />
  <Object
    Path="D:\Pachore_Mayuresh_ASDP\Pachore_Mayuresh_Project_2\Pachore_Mayuresh_Project_2\Logical\Libraries\astime\binary.lby"
    LogicalPath="Libraries.astime"
    Type="Library"
    LastWriteTime="133573205480000000" />
  <Object
    Path="D:\Pachore_Mayuresh_ASDP\Pachore_Mayuresh_Project_2\Pachore_Mayuresh_Project_2\Logical\Libraries\astime\astime.fun"
    LogicalPath="Libraries.astime.astime.fun"
    Type="File"
    LastWriteTime="133573205480000000"
    Private="false" />
  <Object
    Path="D:\Pachore_Mayuresh_ASDP\Pachore_Mayuresh_Project_2\Pachore_Mayuresh_Project_2\Logical\Libraries\astime\astime.typ"
    LogicalPath="Libraries.astime.astime.typ"
    Type="File"
    LastWriteTime="133573205480000000"
    Private="false" />
  <Object
    Path="D:\Pachore_Mayuresh_ASDP\Pachore_Mayuresh_Project_2\Pachore_Mayuresh_Project_2\Logical\Libraries\astime\astime.var"
    LogicalPath="Libraries.astime.astime.var"
    Type="File"
    LastWriteTime="133573205480000000"
    Private="false" />
  <Object
    Path="D:\Pachore_Mayuresh_ASDP\Pachore_Mayuresh_Project_2\Pachore_Mayuresh_Project_2\Logical\Libraries\AsIecCon\binary.lby"
    LogicalPath="Libraries.AsIecCon"
    Type="Library"
    LastWriteTime="133573205480000000" />
  <Object
    Path="D:\Pachore_Mayuresh_ASDP\Pachore_Mayuresh_Project_2\Pachore_Mayuresh_Project_2\Logical\Libraries\AsIecCon\AsIecCon.fun"
    LogicalPath="Libraries.AsIecCon.AsIecCon.fun"
    Type="File"
    LastWriteTime="133573205480000000"
    Private="false" />
  <Object
    Path="D:\Pachore_Mayuresh_ASDP\Pachore_Mayuresh_Project_2\Pachore_Mayuresh_Project_2\Logical\Libraries\AsIecCon\AsIecCon.typ"
    LogicalPath="Libraries.AsIecCon.AsIecCon.typ"
    Type="File"
    LastWriteTime="133573205480000000"
    Private="false" />
  <Object
    Path="D:\Pachore_Mayuresh_ASDP\Pachore_Mayuresh_Project_2\Pachore_Mayuresh_Project_2\Logical\Libraries\AsIecCon\AsIecCon.var"
    LogicalPath="Libraries.AsIecCon.AsIecCon.var"
    Type="File"
    LastWriteTime="133573205480000000"
    Private="false" />
  <Object
    Path="D:\Pachore_Mayuresh_ASDP\Pachore_Mayuresh_Project_2\Pachore_Mayuresh_Project_2\Logical\Libraries\sys_lib\binary.lby"
    LogicalPath="Libraries.sys_lib"
    Type="Library"
    LastWriteTime="133573205480000000" />
  <Object
    Path="D:\Pachore_Mayuresh_ASDP\Pachore_Mayuresh_Project_2\Pachore_Mayuresh_Project_2\Logical\Libraries\sys_lib\sys_lib.fun"
    LogicalPath="Libraries.sys_lib.sys_lib.fun"
    Type="File"
    LastWriteTime="133573205480000000"
    Private="false" />
  <Object
    Path="D:\Pachore_Mayuresh_ASDP\Pachore_Mayuresh_Project_2\Pachore_Mayuresh_Project_2\Logical\Libraries\sys_lib\sys_lib.typ"
    LogicalPath="Libraries.sys_lib.sys_lib.typ"
    Type="File"
    LastWriteTime="133573205480000000"
    Private="false" />
  <Object
    Path="D:\Pachore_Mayuresh_ASDP\Pachore_Mayuresh_Project_2\Pachore_Mayuresh_Project_2\Logical\Libraries\sys_lib\sys_lib.var"
    LogicalPath="Libraries.sys_lib.sys_lib.var"
    Type="File"
    LastWriteTime="133573205480000000"
    Private="false" />
  <Object
    Path="D:\Pachore_Mayuresh_ASDP\Pachore_Mayuresh_Project_2\Pachore_Mayuresh_Project_2\Logical\Libraries\brsystem\binary.lby"
    LogicalPath="Libraries.brsystem"
    Type="Library"
    LastWriteTime="133573205480000000" />
  <Object
    Path="D:\Pachore_Mayuresh_ASDP\Pachore_Mayuresh_Project_2\Pachore_Mayuresh_Project_2\Logical\Libraries\brsystem\brsystem.fun"
    LogicalPath="Libraries.brsystem.brsystem.fun"
    Type="File"
    LastWriteTime="133573205480000000"
    Private="false" />
  <Object
    Path="D:\Pachore_Mayuresh_ASDP\Pachore_Mayuresh_Project_2\Pachore_Mayuresh_Project_2\Logical\Libraries\brsystem\brsystem.typ"
    LogicalPath="Libraries.brsystem.brsystem.typ"
    Type="File"
    LastWriteTime="133573205480000000"
    Private="false" />
  <Object
    Path="D:\Pachore_Mayuresh_ASDP\Pachore_Mayuresh_Project_2\Pachore_Mayuresh_Project_2\Logical\Libraries\brsystem\brsystem.var"
    LogicalPath="Libraries.brsystem.brsystem.var"
    Type="File"
    LastWriteTime="133573205480000000"
    Private="false" />
  <Object
    Path="D:\Pachore_Mayuresh_ASDP\Pachore_Mayuresh_Project_2\Pachore_Mayuresh_Project_2\Logical\Libraries\MpAxis\Binary.lby"
    LogicalPath="Libraries.MpAxis"
    Type="Library"
    LastWriteTime="133547174160000000" />
  <Object
    Path="D:\Pachore_Mayuresh_ASDP\Pachore_Mayuresh_Project_2\Pachore_Mayuresh_Project_2\Logical\Libraries\MpAxis\MpAxis.typ"
    LogicalPath="Libraries.MpAxis.MpAxis.typ"
    Type="File"
    LastWriteTime="133547174160000000"
    Private="false" />
  <Object
    Path="D:\Pachore_Mayuresh_ASDP\Pachore_Mayuresh_Project_2\Pachore_Mayuresh_Project_2\Logical\Libraries\MpAxis\MpAxisError.typ"
    LogicalPath="Libraries.MpAxis.MpAxisError.typ"
    Type="File"
    LastWriteTime="133547174160000000"
    Private="false" />
  <Object
    Path="D:\Pachore_Mayuresh_ASDP\Pachore_Mayuresh_Project_2\Pachore_Mayuresh_Project_2\Logical\Libraries\MpAxis\MpAxisAlarm.typ"
    LogicalPath="Libraries.MpAxis.MpAxisAlarm.typ"
    Type="File"
    LastWriteTime="133547174160000000"
    Private="false" />
  <Object
    Path="D:\Pachore_Mayuresh_ASDP\Pachore_Mayuresh_Project_2\Pachore_Mayuresh_Project_2\Logical\Libraries\MpAxis\MpAxis.fun"
    LogicalPath="Libraries.MpAxis.MpAxis.fun"
    Type="File"
    LastWriteTime="133547174160000000"
    Private="false" />
  <Object
    Path="D:\Pachore_Mayuresh_ASDP\Pachore_Mayuresh_Project_2\Pachore_Mayuresh_Project_2\Logical\Libraries\ComTCP\Package.pkg"
    LogicalPath="Libraries.ComTCP"
    Type="Package"
    LastWriteTime="133558250200000000" />
  <Object
    Path="D:\Pachore_Mayuresh_ASDP\Pachore_Mayuresh_Project_2\Pachore_Mayuresh_Project_2\Logical\Libraries\ComTCP\ComTCP_L\ANSIC.lby"
    LogicalPath="Libraries.ComTCP.ComTCP_L"
    Type="Library"
    LastWriteTime="132300209640000000" />
  <Object
    Path="D:\Pachore_Mayuresh_ASDP\Pachore_Mayuresh_Project_2\Pachore_Mayuresh_Project_2\Logical\Libraries\ComTCP\ComTCP_L\MNG_InternalTyp.hpp"
    LogicalPath="Libraries.ComTCP.ComTCP_L.MNG_InternalTyp.hpp"
    Type="File"
    LastWriteTime="132300209640000000"
    Private="false" />
  <Object
    Path="D:\Pachore_Mayuresh_ASDP\Pachore_Mayuresh_Project_2\Pachore_Mayuresh_Project_2\Logical\Libraries\ComTCP\ComTCP_L\MNG_ComHdlr.hpp"
    LogicalPath="Libraries.ComTCP.ComTCP_L.MNG_ComHdlr.hpp"
    Type="File"
    LastWriteTime="132300209640000000"
    Private="false" />
  <Object
    Path="D:\Pachore_Mayuresh_ASDP\Pachore_Mayuresh_Project_2\Pachore_Mayuresh_Project_2\Logical\Libraries\ComTCP\ComTCP_L\MNG_ComHdlr.cpp"
    LogicalPath="Libraries.ComTCP.ComTCP_L.MNG_ComHdlr.cpp"
    Type="File"
    LastWriteTime="132300209640000000"
    Private="false" />
  <Object
    Path="D:\Pachore_Mayuresh_ASDP\Pachore_Mayuresh_Project_2\Pachore_Mayuresh_Project_2\Logical\Libraries\ComTCP\ComTCP_L\MNG_Global.hpp"
    LogicalPath="Libraries.ComTCP.ComTCP_L.MNG_Global.hpp"
    Type="File"
    LastWriteTime="132300209640000000"
    Private="false" />
  <Object
    Path="D:\Pachore_Mayuresh_ASDP\Pachore_Mayuresh_Project_2\Pachore_Mayuresh_Project_2\Logical\Libraries\ComTCP\ComTCP_L\MNG_CpyOutToMsg.cpp"
    LogicalPath="Libraries.ComTCP.ComTCP_L.MNG_CpyOutToMsg.cpp"
    Type="File"
    LastWriteTime="132300209640000000"
    Private="false" />
  <Object
    Path="D:\Pachore_Mayuresh_ASDP\Pachore_Mayuresh_Project_2\Pachore_Mayuresh_Project_2\Logical\Libraries\ComTCP\ComTCP_L\MNG_CpyMsgToInp.cpp"
    LogicalPath="Libraries.ComTCP.ComTCP_L.MNG_CpyMsgToInp.cpp"
    Type="File"
    LastWriteTime="132300209640000000"
    Private="false" />
  <Object
    Path="D:\Pachore_Mayuresh_ASDP\Pachore_Mayuresh_Project_2\Pachore_Mayuresh_Project_2\Logical\Libraries\ComTCP\ComTCP_P\ANSIC.prg"
    LogicalPath="Libraries.ComTCP.ComTCP_P"
    Type="Program"
    LastWriteTime="132300209640000000" />
  <Object
    Path="D:\Pachore_Mayuresh_ASDP\Pachore_Mayuresh_Project_2\Pachore_Mayuresh_Project_2\Logical\Libraries\ComTCP\ComTCP_P\Main.cpp"
    LogicalPath="Libraries.ComTCP.ComTCP_P.Main.cpp"
    Type="File"
    LastWriteTime="132300209640000000"
    Private="false" />
  <Object
    Path="D:\Pachore_Mayuresh_ASDP\Pachore_Mayuresh_Project_2\Pachore_Mayuresh_Project_2\Logical\Libraries\ComTCP\ComTCP_P\Types.typ"
    LogicalPath="Libraries.ComTCP.ComTCP_P.Types.typ"
    Type="File"
    LastWriteTime="132300209640000000"
    Private="true" />
  <Object
    Path="D:\Pachore_Mayuresh_ASDP\Pachore_Mayuresh_Project_2\Pachore_Mayuresh_Project_2\Logical\Libraries\ComTCP\ComTCP_P\Variables.var"
    LogicalPath="Libraries.ComTCP.ComTCP_P.Variables.var"
    Type="File"
    LastWriteTime="132300209640000000"
    Private="true" />
  <Object
    Path="D:\Pachore_Mayuresh_ASDP\Pachore_Mayuresh_Project_2\Pachore_Mayuresh_Project_2\Logical\Libraries\AsTCP\binary.lby"
    LogicalPath="Libraries.AsTCP"
    Type="Library"
    LastWriteTime="133573205480000000" />
  <Object
    Path="D:\Pachore_Mayuresh_ASDP\Pachore_Mayuresh_Project_2\Pachore_Mayuresh_Project_2\Logical\Libraries\AsTCP\AsTCP.fun"
    LogicalPath="Libraries.AsTCP.AsTCP.fun"
    Type="File"
    LastWriteTime="133573205480000000"
    Private="false" />
  <Object
    Path="D:\Pachore_Mayuresh_ASDP\Pachore_Mayuresh_Project_2\Pachore_Mayuresh_Project_2\Logical\Libraries\AsTCP\AsTCP.typ"
    LogicalPath="Libraries.AsTCP.AsTCP.typ"
    Type="File"
    LastWriteTime="133573205480000000"
    Private="false" />
  <Object
    Path="D:\Pachore_Mayuresh_ASDP\Pachore_Mayuresh_Project_2\Pachore_Mayuresh_Project_2\Logical\Libraries\AsTCP\AsTCP.var"
    LogicalPath="Libraries.AsTCP.AsTCP.var"
    Type="File"
    LastWriteTime="133573205480000000"
    Private="false" />
  <Object
    Path="D:\Pachore_Mayuresh_ASDP\Pachore_Mayuresh_Project_2\Pachore_Mayuresh_Project_2\Logical\Libraries\standard\binary.lby"
    LogicalPath="Libraries.standard"
    Type="Library"
    LastWriteTime="133573205480000000" />
  <Object
    Path="D:\Pachore_Mayuresh_ASDP\Pachore_Mayuresh_Project_2\Pachore_Mayuresh_Project_2\Logical\Libraries\standard\standard.fun"
    LogicalPath="Libraries.standard.standard.fun"
    Type="File"
    LastWriteTime="133573205480000000"
    Private="false" />
  <Object
    Path="D:\Pachore_Mayuresh_ASDP\Pachore_Mayuresh_Project_2\Pachore_Mayuresh_Project_2\Logical\Libraries\standard\standard.typ"
    LogicalPath="Libraries.standard.standard.typ"
    Type="File"
    LastWriteTime="133573205480000000"
    Private="false" />
  <Object
    Path="D:\Pachore_Mayuresh_ASDP\Pachore_Mayuresh_Project_2\Pachore_Mayuresh_Project_2\Logical\Libraries\standard\standard.var"
    LogicalPath="Libraries.standard.standard.var"
    Type="File"
    LastWriteTime="133573205480000000"
    Private="false" />
  <Object
    Path="D:\Pachore_Mayuresh_ASDP\Pachore_Mayuresh_Project_2\Pachore_Mayuresh_Project_2\Logical\Libraries\AsArLog\binary.lby"
    LogicalPath="Libraries.AsArLog"
    Type="Library"
    LastWriteTime="133573205480000000" />
  <Object
    Path="D:\Pachore_Mayuresh_ASDP\Pachore_Mayuresh_Project_2\Pachore_Mayuresh_Project_2\Logical\Libraries\AsArLog\AsArLog.fun"
    LogicalPath="Libraries.AsArLog.AsArLog.fun"
    Type="File"
    LastWriteTime="133573205480000000"
    Private="false" />
  <Object
    Path="D:\Pachore_Mayuresh_ASDP\Pachore_Mayuresh_Project_2\Pachore_Mayuresh_Project_2\Logical\Libraries\AsArLog\AsArLog.typ"
    LogicalPath="Libraries.AsArLog.AsArLog.typ"
    Type="File"
    LastWriteTime="133573205480000000"
    Private="false" />
  <Object
    Path="D:\Pachore_Mayuresh_ASDP\Pachore_Mayuresh_Project_2\Pachore_Mayuresh_Project_2\Logical\Libraries\AsArLog\AsArLog.var"
    LogicalPath="Libraries.AsArLog.AsArLog.var"
    Type="File"
    LastWriteTime="133573205480000000"
    Private="false" />
  <Object
    Path="D:\Pachore_Mayuresh_ASDP\Pachore_Mayuresh_Project_2\Pachore_Mayuresh_Project_2\Logical\Libraries\AsBrStr\binary.lby"
    LogicalPath="Libraries.AsBrStr"
    Type="Library"
    LastWriteTime="133573205480000000" />
  <Object
    Path="D:\Pachore_Mayuresh_ASDP\Pachore_Mayuresh_Project_2\Pachore_Mayuresh_Project_2\Logical\Libraries\AsBrStr\AsBrStr.fun"
    LogicalPath="Libraries.AsBrStr.AsBrStr.fun"
    Type="File"
    LastWriteTime="133573205480000000"
    Private="false" />
  <Object
    Path="D:\Pachore_Mayuresh_ASDP\Pachore_Mayuresh_Project_2\Pachore_Mayuresh_Project_2\Logical\Libraries\AsBrStr\AsBrStr.typ"
    LogicalPath="Libraries.AsBrStr.AsBrStr.typ"
    Type="File"
    LastWriteTime="133573205480000000"
    Private="false" />
  <Object
    Path="D:\Pachore_Mayuresh_ASDP\Pachore_Mayuresh_Project_2\Pachore_Mayuresh_Project_2\Logical\Libraries\AsBrStr\AsBrStr.var"
    LogicalPath="Libraries.AsBrStr.AsBrStr.var"
    Type="File"
    LastWriteTime="133573205480000000"
    Private="false" />
  <Object
    Path="D:\Pachore_Mayuresh_ASDP\Pachore_Mayuresh_Project_2\Pachore_Mayuresh_Project_2\Logical\Libraries\MpBase\Binary.lby"
    LogicalPath="Libraries.MpBase"
    Type="Library"
    LastWriteTime="133677007660000000" />
  <Object
    Path="D:\Pachore_Mayuresh_ASDP\Pachore_Mayuresh_Project_2\Pachore_Mayuresh_Project_2\Logical\Libraries\MpBase\MpBase.var"
    LogicalPath="Libraries.MpBase.MpBase.var"
    Type="File"
    LastWriteTime="133677007660000000"
    Private="false" />
  <Object
    Path="D:\Pachore_Mayuresh_ASDP\Pachore_Mayuresh_Project_2\Pachore_Mayuresh_Project_2\Logical\Libraries\MpBase\MpBase.typ"
    LogicalPath="Libraries.MpBase.MpBase.typ"
    Type="File"
    LastWriteTime="133677007660000000"
    Private="false" />
  <Object
    Path="D:\Pachore_Mayuresh_ASDP\Pachore_Mayuresh_Project_2\Pachore_Mayuresh_Project_2\Logical\Libraries\MpBase\MpBase.fun"
    LogicalPath="Libraries.MpBase.MpBase.fun"
    Type="File"
    LastWriteTime="133677007660000000"
    Private="false" />
  <Object
    Path="D:\Pachore_Mayuresh_ASDP\Pachore_Mayuresh_Project_2\Pachore_Mayuresh_Project_2\Logical\Libraries\MpBase\Common_EventLog.tmx"
    LogicalPath="Libraries.MpBase.Common_EventLog.tmx"
    Type="File"
    LastWriteTime="133677007660000000"
    Private="false" />
  <Object
    Path="D:\Pachore_Mayuresh_ASDP\Pachore_Mayuresh_Project_2\Pachore_Mayuresh_Project_2\Logical\Libraries\MpCom\Binary.lby"
    LogicalPath="Libraries.MpCom"
    Type="Library"
    LastWriteTime="133677007660000000" />
  <Object
    Path="D:\Pachore_Mayuresh_ASDP\Pachore_Mayuresh_Project_2\Pachore_Mayuresh_Project_2\Logical\Libraries\MpCom\MpCom.var"
    LogicalPath="Libraries.MpCom.MpCom.var"
    Type="File"
    LastWriteTime="133677007660000000"
    Private="false" />
  <Object
    Path="D:\Pachore_Mayuresh_ASDP\Pachore_Mayuresh_Project_2\Pachore_Mayuresh_Project_2\Logical\Libraries\MpCom\MpCom.typ"
    LogicalPath="Libraries.MpCom.MpCom.typ"
    Type="File"
    LastWriteTime="133677007660000000"
    Private="false" />
  <Object
    Path="D:\Pachore_Mayuresh_ASDP\Pachore_Mayuresh_Project_2\Pachore_Mayuresh_Project_2\Logical\Libraries\MpCom\MpComError.typ"
    LogicalPath="Libraries.MpCom.MpComError.typ"
    Type="File"
    LastWriteTime="133677007660000000"
    Private="false" />
  <Object
    Path="D:\Pachore_Mayuresh_ASDP\Pachore_Mayuresh_Project_2\Pachore_Mayuresh_Project_2\Logical\Libraries\MpCom\MpCom.fun"
    LogicalPath="Libraries.MpCom.MpCom.fun"
    Type="File"
    LastWriteTime="133677007660000000"
    Private="false" />
  <Object
    Path="D:\Pachore_Mayuresh_ASDP\Pachore_Mayuresh_Project_2\Pachore_Mayuresh_Project_2\Logical\Libraries\My_Library\IEC.lby"
    LogicalPath="Libraries.My_Library"
    Type="Library"
    LastWriteTime="133687762180000000" />
  <Object
    Path="D:\Pachore_Mayuresh_ASDP\Pachore_Mayuresh_Project_2\Pachore_Mayuresh_Project_2\Logical\Libraries\My_Library\Types.typ"
    LogicalPath="Libraries.My_Library.Types.typ"
    Type="File"
    LastWriteTime="133687728460000000"
    Private="false" />
  <Object
    Path="D:\Pachore_Mayuresh_ASDP\Pachore_Mayuresh_Project_2\Pachore_Mayuresh_Project_2\Logical\Libraries\My_Library\Constants.var"
    LogicalPath="Libraries.My_Library.Constants.var"
    Type="File"
    LastWriteTime="133687728460000000"
    Private="false" />
  <Object
    Path="D:\Pachore_Mayuresh_ASDP\Pachore_Mayuresh_Project_2\Pachore_Mayuresh_Project_2\Logical\Libraries\My_Library\My_Library.fun"
    LogicalPath="Libraries.My_Library.My_Library.fun"
    Type="File"
    LastWriteTime="133689123000000000"
    Private="false" />
  <Object
    Path="D:\Pachore_Mayuresh_ASDP\Pachore_Mayuresh_Project_2\Pachore_Mayuresh_Project_2\Logical\Libraries\My_Library\FSM_LED.st"
    LogicalPath="Libraries.My_Library.FSM_LED.st"
    Type="File"
    LastWriteTime="133690426080000000"
    Private="false" />
  <Object
    Path="D:\Pachore_Mayuresh_ASDP\Pachore_Mayuresh_Project_2\Pachore_Mayuresh_Project_2\Logical\Libraries\My_Library\FSM_AXIS.st"
    LogicalPath="Libraries.My_Library.FSM_AXIS.st"
    Type="File"
    LastWriteTime="133690425320000000"
    Private="false" />
  <Object
    Path="D:\Pachore_Mayuresh_ASDP\Pachore_Mayuresh_Project_2\Pachore_Mayuresh_Project_2\Logical\Libraries\AsIODiag\binary.lby"
    LogicalPath="Libraries.AsIODiag"
    Type="Library"
    LastWriteTime="133573205480000000" />
  <Object
    Path="D:\Pachore_Mayuresh_ASDP\Pachore_Mayuresh_Project_2\Pachore_Mayuresh_Project_2\Logical\Libraries\AsIODiag\AsIODiag.fun"
    LogicalPath="Libraries.AsIODiag.AsIODiag.fun"
    Type="File"
    LastWriteTime="133573205480000000"
    Private="false" />
  <Object
    Path="D:\Pachore_Mayuresh_ASDP\Pachore_Mayuresh_Project_2\Pachore_Mayuresh_Project_2\Logical\Libraries\AsIODiag\AsIODiag.typ"
    LogicalPath="Libraries.AsIODiag.AsIODiag.typ"
    Type="File"
    LastWriteTime="133573205480000000"
    Private="false" />
  <Object
    Path="D:\Pachore_Mayuresh_ASDP\Pachore_Mayuresh_Project_2\Pachore_Mayuresh_Project_2\Logical\Libraries\AsIODiag\AsIODiag.var"
    LogicalPath="Libraries.AsIODiag.AsIODiag.var"
    Type="File"
    LastWriteTime="133573205480000000"
    Private="false" />
  <Object
    Path="D:\Pachore_Mayuresh_ASDP\Pachore_Mayuresh_Project_2\Pachore_Mayuresh_Project_2\Logical\Libraries\Acp10man\Binary.lby"
    LogicalPath="Libraries.Acp10man"
    Type="Library"
    LastWriteTime="133868656730973840" />
  <Object
    Path="D:\Pachore_Mayuresh_ASDP\Pachore_Mayuresh_Project_2\Pachore_Mayuresh_Project_2\Logical\Libraries\Acp10man\Acp10man.typ"
    LogicalPath="Libraries.Acp10man.Acp10man.typ"
    Type="File"
    LastWriteTime="133868656730973840"
    Private="false" />
  <Object
    Path="D:\Pachore_Mayuresh_ASDP\Pachore_Mayuresh_Project_2\Pachore_Mayuresh_Project_2\Logical\Libraries\Acp10par\Binary.lby"
    LogicalPath="Libraries.Acp10par"
    Type="Library"
    LastWriteTime="133868656731285817" />
  <Object
    Path="D:\Pachore_Mayuresh_ASDP\Pachore_Mayuresh_Project_2\Pachore_Mayuresh_Project_2\Logical\Libraries\Acp10par\Acp10par.var"
    LogicalPath="Libraries.Acp10par.Acp10par.var"
    Type="File"
    LastWriteTime="133868656731285817"
    Private="false" />
  <Object
    Path="D:\Pachore_Mayuresh_ASDP\Pachore_Mayuresh_Project_2\Pachore_Mayuresh_Project_2\Logical\Libraries\NcGlobal\Binary.lby"
    LogicalPath="Libraries.NcGlobal"
    Type="Library"
    LastWriteTime="133868656731442038" />
  <Object
    Path="D:\Pachore_Mayuresh_ASDP\Pachore_Mayuresh_Project_2\Pachore_Mayuresh_Project_2\Logical\Libraries\NcGlobal\NcGlobal.fun"
    LogicalPath="Libraries.NcGlobal.NcGlobal.fun"
    Type="File"
    LastWriteTime="133868656731442038"
    Private="false" />
  <Object
    Path="D:\Pachore_Mayuresh_ASDP\Pachore_Mayuresh_Project_2\Pachore_Mayuresh_Project_2\Logical\Libraries\NcGlobal\NcGlobal.typ"
    LogicalPath="Libraries.NcGlobal.NcGlobal.typ"
    Type="File"
    LastWriteTime="133868656731442038"
    Private="false" />
  <Object
    Path="D:\Pachore_Mayuresh_ASDP\Pachore_Mayuresh_Project_2\Pachore_Mayuresh_Project_2\Logical\Libraries\NcGlobal\NcGlobal.var"
    LogicalPath="Libraries.NcGlobal.NcGlobal.var"
    Type="File"
    LastWriteTime="133868656731442038"
    Private="false" />
  <Object
    Path="D:\Pachore_Mayuresh_ASDP\Pachore_Mayuresh_Project_2\Pachore_Mayuresh_Project_2\Logical\Libraries\Acp10sim\binary.lby"
    LogicalPath="Libraries.Acp10sim"
    Type="Library"
    LastWriteTime="133868656731598262" />
  <Object
    Path="D:\Pachore_Mayuresh_ASDP\Pachore_Mayuresh_Project_2\Pachore_Mayuresh_Project_2\Logical\Libraries\Acp10sim\acp10sim.var"
    LogicalPath="Libraries.Acp10sim.acp10sim.var"
    Type="File"
    LastWriteTime="133868656731598262"
    Private="false" />
  <Object
    Path="D:\Pachore_Mayuresh_ASDP\Pachore_Mayuresh_Project_2\Pachore_Mayuresh_Project_2\Logical\Libraries\Acp10sim\acp10sim.typ"
    LogicalPath="Libraries.Acp10sim.acp10sim.typ"
    Type="File"
    LastWriteTime="133868656731598262"
    Private="false" />
  <Object
    Path="D:\Pachore_Mayuresh_ASDP\Pachore_Mayuresh_Project_2\Pachore_Mayuresh_Project_2\Logical\Libraries\Acp10_MC\binary.lby"
    LogicalPath="Libraries.Acp10_MC"
    Type="Library"
    LastWriteTime="133868656731754480" />
  <Object
    Path="D:\Pachore_Mayuresh_ASDP\Pachore_Mayuresh_Project_2\Pachore_Mayuresh_Project_2\Logical\Libraries\Acp10_MC\acp10_mc.fun"
    LogicalPath="Libraries.Acp10_MC.acp10_mc.fun"
    Type="File"
    LastWriteTime="133868656731754480"
    Private="false" />
  <Object
    Path="D:\Pachore_Mayuresh_ASDP\Pachore_Mayuresh_Project_2\Pachore_Mayuresh_Project_2\Logical\Libraries\Acp10_MC\acp10_mc.typ"
    LogicalPath="Libraries.Acp10_MC.acp10_mc.typ"
    Type="File"
    LastWriteTime="133868656731754480"
    Private="false" />
  <Object
    Path="D:\Pachore_Mayuresh_ASDP\Pachore_Mayuresh_Project_2\Pachore_Mayuresh_Project_2\Logical\Libraries\Acp10_MC\acp10_mc.var"
    LogicalPath="Libraries.Acp10_MC.acp10_mc.var"
    Type="File"
    LastWriteTime="133868656731754480"
    Private="false" />
  <Object
    Path="D:\Pachore_Mayuresh_ASDP\Pachore_Mayuresh_Project_2\Pachore_Mayuresh_Project_2\Logical\acp10etxen\Ett.dob"
    LogicalPath="acp10etxen"
    Type="DataObject"
    LastWriteTime="133541059880000000" />
  <Object
    Path="D:\Pachore_Mayuresh_ASDP\Pachore_Mayuresh_Project_2\Pachore_Mayuresh_Project_2\Logical\acp10etxen\acp10etxen.ett"
    LogicalPath="acp10etxen.acp10etxen.ett"
    Type="File"
    LastWriteTime="133541059900000000"
    Private="false" />
  <Object
    Path="D:\Pachore_Mayuresh_ASDP\Pachore_Mayuresh_Project_2\Pachore_Mayuresh_Project_2\Logical\gAxis01obj\Package.pkg"
    LogicalPath="gAxis01obj"
    Type="Package"
    LastWriteTime="133541059940000000" />
  <Object
    Path="D:\Pachore_Mayuresh_ASDP\Pachore_Mayuresh_Project_2\Pachore_Mayuresh_Project_2\Logical\gAxis01obj\gAxis01a\Apt.dob"
    LogicalPath="gAxis01obj.gAxis01a"
    Type="DataObject"
    LastWriteTime="133541059940000000" />
  <Object
    Path="D:\Pachore_Mayuresh_ASDP\Pachore_Mayuresh_Project_2\Pachore_Mayuresh_Project_2\Logical\gAxis01obj\gAxis01a\gAxis01a.apt"
    LogicalPath="gAxis01obj.gAxis01a.gAxis01a.apt"
    Type="File"
    LastWriteTime="133541059940000000"
    Private="false" />
  <Object
    Path="D:\Pachore_Mayuresh_ASDP\Pachore_Mayuresh_Project_2\Pachore_Mayuresh_Project_2\Logical\gAxis01obj\gAxis01i\Ax.dob"
    LogicalPath="gAxis01obj.gAxis01i"
    Type="DataObject"
    LastWriteTime="133541059940000000" />
  <Object
    Path="D:\Pachore_Mayuresh_ASDP\Pachore_Mayuresh_Project_2\Pachore_Mayuresh_Project_2\Logical\gAxis01obj\gAxis01i\gAxis01i.ax"
    LogicalPath="gAxis01obj.gAxis01i.gAxis01i.ax"
    Type="File"
    LastWriteTime="133547105840000000"
    Private="false" />
  <Object
    Path="D:\Pachore_Mayuresh_ASDP\Pachore_Mayuresh_Project_2\Pachore_Mayuresh_Project_2\Logical\gAxis02obj\Package.pkg"
    LogicalPath="gAxis02obj"
    Type="Package"
    LastWriteTime="133541059940000000" />
  <Object
    Path="D:\Pachore_Mayuresh_ASDP\Pachore_Mayuresh_Project_2\Pachore_Mayuresh_Project_2\Logical\gAxis02obj\gAxis02a\Apt.dob"
    LogicalPath="gAxis02obj.gAxis02a"
    Type="DataObject"
    LastWriteTime="133541059940000000" />
  <Object
    Path="D:\Pachore_Mayuresh_ASDP\Pachore_Mayuresh_Project_2\Pachore_Mayuresh_Project_2\Logical\gAxis02obj\gAxis02a\gAxis02a.apt"
    LogicalPath="gAxis02obj.gAxis02a.gAxis02a.apt"
    Type="File"
    LastWriteTime="133541059940000000"
    Private="false" />
  <Object
    Path="D:\Pachore_Mayuresh_ASDP\Pachore_Mayuresh_Project_2\Pachore_Mayuresh_Project_2\Logical\gAxis02obj\gAxis02i\Ax.dob"
    LogicalPath="gAxis02obj.gAxis02i"
    Type="DataObject"
    LastWriteTime="133541059940000000" />
  <Object
    Path="D:\Pachore_Mayuresh_ASDP\Pachore_Mayuresh_Project_2\Pachore_Mayuresh_Project_2\Logical\gAxis02obj\gAxis02i\gAxis02i.ax"
    LogicalPath="gAxis02obj.gAxis02i.gAxis02i.ax"
    Type="File"
    LastWriteTime="133547106440000000"
    Private="false" />
  <Object
    Path="D:\Pachore_Mayuresh_ASDP\Pachore_Mayuresh_Project_2\Pachore_Mayuresh_Project_2\Logical\PLCopen\IEC.prg"
    LogicalPath="PLCopen"
    Type="Program"
    LastWriteTime="133558287700000000" />
  <Object
    Path="D:\Pachore_Mayuresh_ASDP\Pachore_Mayuresh_Project_2\Pachore_Mayuresh_Project_2\Logical\PLCopen\Main.st"
    LogicalPath="PLCopen.Main.st"
    Type="File"
    LastWriteTime="133558306920000000"
    Private="false" />
  <Object
    Path="D:\Pachore_Mayuresh_ASDP\Pachore_Mayuresh_Project_2\Pachore_Mayuresh_Project_2\Logical\PLCopen\Types.typ"
    LogicalPath="PLCopen.Types.typ"
    Type="File"
    LastWriteTime="133558287700000000"
    Private="true" />
  <Object
    Path="D:\Pachore_Mayuresh_ASDP\Pachore_Mayuresh_Project_2\Pachore_Mayuresh_Project_2\Logical\PLCopen\Variables.var"
    LogicalPath="PLCopen.Variables.var"
    Type="File"
    LastWriteTime="133558306920000000"
    Private="true" />
  <Object
    Path="D:\Pachore_Mayuresh_ASDP\Pachore_Mayuresh_Project_2\Pachore_Mayuresh_Project_2\Logical\MyCam\Cam.dob"
    LogicalPath="MyCam"
    Type="DataObject"
    LastWriteTime="133559129360000000" />
  <Object
    Path="D:\Pachore_Mayuresh_ASDP\Pachore_Mayuresh_Project_2\Pachore_Mayuresh_Project_2\Logical\MyCam\Cam.cam"
    LogicalPath="MyCam.Cam.cam"
    Type="File"
    LastWriteTime="133676913200000000"
    Private="false" />
  <Object
    Path="D:\Pachore_Mayuresh_ASDP\Pachore_Mayuresh_Project_2\Pachore_Mayuresh_Project_2\Logical\MyCamBis\Cam.dob"
    LogicalPath="MyCamBis"
    Type="DataObject"
    LastWriteTime="133559134620000000" />
  <Object
    Path="D:\Pachore_Mayuresh_ASDP\Pachore_Mayuresh_Project_2\Pachore_Mayuresh_Project_2\Logical\MyCamBis\Cam.cam"
    LogicalPath="MyCamBis.Cam.cam"
    Type="File"
    LastWriteTime="133676913140000000"
    Private="false" />
  <Object
    Path="D:\Pachore_Mayuresh_ASDP\Pachore_Mayuresh_Project_2\Pachore_Mayuresh_Project_2\Logical\mappView\Package.pkg"
    LogicalPath="mappView"
    Type="Package"
    LastWriteTime="133677009760000000" />
  <Object
    Path="D:\Pachore_Mayuresh_ASDP\Pachore_Mayuresh_Project_2\Pachore_Mayuresh_Project_2\Logical\mappView\Layouts\Package.pkg"
    LogicalPath="mappView.Layouts"
    Type="Package"
    LastWriteTime="133677011320000000" />
  <Object
    Path="D:\Pachore_Mayuresh_ASDP\Pachore_Mayuresh_Project_2\Pachore_Mayuresh_Project_2\Logical\mappView\Layouts\Mylayout.layout"
    LogicalPath="mappView.Layouts.Mylayout.layout"
    Type="File"
    LastWriteTime="133677017700000000"
    Private="false" />
  <Object
    Path="D:\Pachore_Mayuresh_ASDP\Pachore_Mayuresh_Project_2\Pachore_Mayuresh_Project_2\Logical\mappView\Widgets\Package.pkg"
    LogicalPath="mappView.Widgets"
    Type="Package"
    LastWriteTime="133677007980000000" />
  <Object
    Path="D:\Pachore_Mayuresh_ASDP\Pachore_Mayuresh_Project_2\Pachore_Mayuresh_Project_2\Logical\mappView\Resources\Package.pkg"
    LogicalPath="mappView.Resources"
    Type="Package"
    LastWriteTime="133677007980000000" />
  <Object
    Path="D:\Pachore_Mayuresh_ASDP\Pachore_Mayuresh_Project_2\Pachore_Mayuresh_Project_2\Logical\mappView\Resources\Texts\Package.pkg"
    LogicalPath="mappView.Resources.Texts"
    Type="Package"
    LastWriteTime="133677007980000000" />
  <Object
    Path="D:\Pachore_Mayuresh_ASDP\Pachore_Mayuresh_Project_2\Pachore_Mayuresh_Project_2\Logical\mappView\Resources\Snippets\Package.pkg"
    LogicalPath="mappView.Resources.Snippets"
    Type="Package"
    LastWriteTime="133677007980000000" />
  <Object
    Path="D:\Pachore_Mayuresh_ASDP\Pachore_Mayuresh_Project_2\Pachore_Mayuresh_Project_2\Logical\mappView\Resources\Themes\Package.pkg"
    LogicalPath="mappView.Resources.Themes"
    Type="Package"
    LastWriteTime="133687749520000000" />
  <Object
    Path="D:\Pachore_Mayuresh_ASDP\Pachore_Mayuresh_Project_2\Pachore_Mayuresh_Project_2\Logical\mappView\Resources\Media\Package.pkg"
    LogicalPath="mappView.Resources.Media"
    Type="Package"
    LastWriteTime="133677007980000000" />
  <Object
    Path="D:\Pachore_Mayuresh_ASDP\Pachore_Mayuresh_Project_2\Pachore_Mayuresh_Project_2\Logical\mappView\Visualization\Package.pkg"
    LogicalPath="mappView.Visualization"
    Type="Package"
    LastWriteTime="133677009760000000" />
  <Object
    Path="D:\Pachore_Mayuresh_ASDP\Pachore_Mayuresh_Project_2\Pachore_Mayuresh_Project_2\Logical\mappView\Visualization\Pages\Package.pkg"
    LogicalPath="mappView.Visualization.Pages"
    Type="Package"
    LastWriteTime="133678176760000000" />
  <Object
    Path="D:\Pachore_Mayuresh_ASDP\Pachore_Mayuresh_Project_2\Pachore_Mayuresh_Project_2\Logical\mappView\Visualization\Pages\AreaContents\Package.pkg"
    LogicalPath="mappView.Visualization.Pages.AreaContents"
    Type="Package"
    LastWriteTime="133677014700000000" />
  <Object
    Path="D:\Pachore_Mayuresh_ASDP\Pachore_Mayuresh_Project_2\Pachore_Mayuresh_Project_2\Logical\mappView\Visualization\Pages\AreaContents\ContentTop.content"
    LogicalPath="mappView.Visualization.Pages.AreaContents.ContentTop.content"
    Type="File"
    LastWriteTime="133700836951159695"
    Private="false" />
  <Object
    Path="D:\Pachore_Mayuresh_ASDP\Pachore_Mayuresh_Project_2\Pachore_Mayuresh_Project_2\Logical\mappView\Visualization\Pages\AreaContents\ContentLeft.content"
    LogicalPath="mappView.Visualization.Pages.AreaContents.ContentLeft.content"
    Type="File"
    LastWriteTime="133679000320000000"
    Private="false" />
  <Object
    Path="D:\Pachore_Mayuresh_ASDP\Pachore_Mayuresh_Project_2\Pachore_Mayuresh_Project_2\Logical\mappView\Visualization\Pages\Operatepage\Package.pkg"
    LogicalPath="mappView.Visualization.Pages.Operatepage"
    Type="Package"
    LastWriteTime="133678175580000000" />
  <Object
    Path="D:\Pachore_Mayuresh_ASDP\Pachore_Mayuresh_Project_2\Pachore_Mayuresh_Project_2\Logical\mappView\Visualization\Pages\Operatepage\Operatepage.page"
    LogicalPath="mappView.Visualization.Pages.Operatepage.Operatepage.page"
    Type="File"
    LastWriteTime="133678225060000000"
    Private="false" />
  <Object
    Path="D:\Pachore_Mayuresh_ASDP\Pachore_Mayuresh_Project_2\Pachore_Mayuresh_Project_2\Logical\mappView\Visualization\Pages\Operatepage\ContentOperate.content"
    LogicalPath="mappView.Visualization.Pages.Operatepage.ContentOperate.content"
    Type="File"
    LastWriteTime="133690054660000000"
    Private="false" />
  <Object
    Path="D:\Pachore_Mayuresh_ASDP\Pachore_Mayuresh_Project_2\Pachore_Mayuresh_Project_2\Logical\mappView\Visualization\Pages\Manualpage\Package.pkg"
    LogicalPath="mappView.Visualization.Pages.Manualpage"
    Type="Package"
    LastWriteTime="133678177680000000" />
  <Object
    Path="D:\Pachore_Mayuresh_ASDP\Pachore_Mayuresh_Project_2\Pachore_Mayuresh_Project_2\Logical\mappView\Visualization\Pages\Manualpage\Manualpage.page"
    LogicalPath="mappView.Visualization.Pages.Manualpage.Manualpage.page"
    Type="File"
    LastWriteTime="133678225040000000"
    Private="false" />
  <Object
    Path="D:\Pachore_Mayuresh_ASDP\Pachore_Mayuresh_Project_2\Pachore_Mayuresh_Project_2\Logical\mappView\Visualization\Pages\Manualpage\ContentManual.content"
    LogicalPath="mappView.Visualization.Pages.Manualpage.ContentManual.content"
    Type="File"
    LastWriteTime="133731176060033307"
    Private="false" />
  <Object
    Path="D:\Pachore_Mayuresh_ASDP\Pachore_Mayuresh_Project_2\Pachore_Mayuresh_Project_2\Logical\mappView\Visualization\Pages\Advancepage\Package.pkg"
    LogicalPath="mappView.Visualization.Pages.Advancepage"
    Type="Package"
    LastWriteTime="133678177380000000" />
  <Object
    Path="D:\Pachore_Mayuresh_ASDP\Pachore_Mayuresh_Project_2\Pachore_Mayuresh_Project_2\Logical\mappView\Visualization\Pages\Advancepage\Advancepage.page"
    LogicalPath="mappView.Visualization.Pages.Advancepage.Advancepage.page"
    Type="File"
    LastWriteTime="133678225040000000"
    Private="false" />
  <Object
    Path="D:\Pachore_Mayuresh_ASDP\Pachore_Mayuresh_Project_2\Pachore_Mayuresh_Project_2\Logical\mappView\Visualization\Pages\Advancepage\ContentAdvance.content"
    LogicalPath="mappView.Visualization.Pages.Advancepage.ContentAdvance.content"
    Type="File"
    LastWriteTime="133679340820000000"
    Private="false" />
  <Object
    Path="D:\Pachore_Mayuresh_ASDP\Pachore_Mayuresh_Project_2\Pachore_Mayuresh_Project_2\Logical\mappView\Visualization\Variables\Package.pkg"
    LogicalPath="mappView.Visualization.Variables"
    Type="Package"
    LastWriteTime="133677009760000000" />
  <Object
    Path="D:\Pachore_Mayuresh_ASDP\Pachore_Mayuresh_Project_2\Pachore_Mayuresh_Project_2\Logical\mappView\Visualization\Expressions\Package.pkg"
    LogicalPath="mappView.Visualization.Expressions"
    Type="Package"
    LastWriteTime="133677009760000000" />
  <Object
    Path="D:\Pachore_Mayuresh_ASDP\Pachore_Mayuresh_Project_2\Pachore_Mayuresh_Project_2\Logical\mappView\Visualization\Layouts\Package.pkg"
    LogicalPath="mappView.Visualization.Layouts"
    Type="Package"
    LastWriteTime="133677009760000000" />
  <Object
    Path="D:\Pachore_Mayuresh_ASDP\Pachore_Mayuresh_Project_2\Pachore_Mayuresh_Project_2\Logical\mappView\Visualization\Dialogs\Package.pkg"
    LogicalPath="mappView.Visualization.Dialogs"
    Type="Package"
    LastWriteTime="133677009760000000" />
  <Object
    Path="D:\Pachore_Mayuresh_ASDP\Pachore_Mayuresh_Project_2\Pachore_Mayuresh_Project_2\Logical\mappView\Visualization\Dialogs\AreaContents\Package.pkg"
    LogicalPath="mappView.Visualization.Dialogs.AreaContents"
    Type="Package"
    LastWriteTime="133677009760000000" />
  <Object
    Path="D:\Pachore_Mayuresh_ASDP\Pachore_Mayuresh_Project_2\Pachore_Mayuresh_Project_2\Logical\mappView\Visualization\Resources\Package.pkg"
    LogicalPath="mappView.Visualization.Resources"
    Type="Package"
    LastWriteTime="133677009760000000" />
  <Object
    Path="D:\Pachore_Mayuresh_ASDP\Pachore_Mayuresh_Project_2\Pachore_Mayuresh_Project_2\Logical\mappView\Visualization\Resources\Texts\Package.pkg"
    LogicalPath="mappView.Visualization.Resources.Texts"
    Type="Package"
    LastWriteTime="133677009760000000" />
  <Object
    Path="D:\Pachore_Mayuresh_ASDP\Pachore_Mayuresh_Project_2\Pachore_Mayuresh_Project_2\Logical\mappView\Visualization\Resources\Snippets\Package.pkg"
    LogicalPath="mappView.Visualization.Resources.Snippets"
    Type="Package"
    LastWriteTime="133677009760000000" />
  <Object
    Path="D:\Pachore_Mayuresh_ASDP\Pachore_Mayuresh_Project_2\Pachore_Mayuresh_Project_2\Logical\Project.language"
    LogicalPath="Project.language"
    Type="File"
    LastWriteTime="133677561320000000"
    Private="false" />
  <Object
    Path="D:\Pachore_Mayuresh_ASDP\Pachore_Mayuresh_Project_2\Pachore_Mayuresh_Project_2\Logical\LocalizableTexts.tmx"
    LogicalPath="LocalizableTexts.tmx"
    Type="File"
    LastWriteTime="133689609040000000"
    Private="false" />
  <Object
    Path="D:\Pachore_Mayuresh_ASDP\Pachore_Mayuresh_Project_2\Pachore_Mayuresh_Project_2\Logical\Master\IEC.prg"
    LogicalPath="Master"
    Type="Program"
    LastWriteTime="133687922620000000" />
  <Object
    Path="D:\Pachore_Mayuresh_ASDP\Pachore_Mayuresh_Project_2\Pachore_Mayuresh_Project_2\Logical\Master\Main.st"
    LogicalPath="Master.Main.st"
    Type="File"
    LastWriteTime="133731233413944027"
    Private="false" />
  <Object
    Path="D:\Pachore_Mayuresh_ASDP\Pachore_Mayuresh_Project_2\Pachore_Mayuresh_Project_2\Logical\Master\Types.typ"
    LogicalPath="Master.Types.typ"
    Type="File"
    LastWriteTime="133687918040000000"
    Private="true" />
  <Object
    Path="D:\Pachore_Mayuresh_ASDP\Pachore_Mayuresh_Project_2\Pachore_Mayuresh_Project_2\Logical\Master\Variables.var"
    LogicalPath="Master.Variables.var"
    Type="File"
    LastWriteTime="133731042274432799"
    Private="true" />
  <Object
    Path="D:\Pachore_Mayuresh_ASDP\Pachore_Mayuresh_Project_2\Pachore_Mayuresh_Project_2\Logical\Slave\IEC.prg"
    LogicalPath="Slave"
    Type="Program"
    LastWriteTime="133687924760000000" />
  <Object
    Path="D:\Pachore_Mayuresh_ASDP\Pachore_Mayuresh_Project_2\Pachore_Mayuresh_Project_2\Logical\Slave\Main.st"
    LogicalPath="Slave.Main.st"
    Type="File"
    LastWriteTime="133731234260990500"
    Private="false" />
  <Object
    Path="D:\Pachore_Mayuresh_ASDP\Pachore_Mayuresh_Project_2\Pachore_Mayuresh_Project_2\Logical\Slave\Types.typ"
    LogicalPath="Slave.Types.typ"
    Type="File"
    LastWriteTime="133687918080000000"
    Private="true" />
  <Object
    Path="D:\Pachore_Mayuresh_ASDP\Pachore_Mayuresh_Project_2\Pachore_Mayuresh_Project_2\Logical\Slave\Variables.var"
    LogicalPath="Slave.Variables.var"
    Type="File"
    LastWriteTime="133731148473899895"
    Private="true" />
  <Object
    Path="D:\Pachore_Mayuresh_ASDP\Pachore_Mayuresh_Project_2\Pachore_Mayuresh_Project_2\Logical\LED_IO\IEC.prg"
    LogicalPath="LED_IO"
    Type="Program"
    LastWriteTime="133687918840000000" />
  <Object
    Path="D:\Pachore_Mayuresh_ASDP\Pachore_Mayuresh_Project_2\Pachore_Mayuresh_Project_2\Logical\LED_IO\Main.st"
    LogicalPath="LED_IO.Main.st"
    Type="File"
    LastWriteTime="133731235326265345"
    Private="false" />
  <Object
    Path="D:\Pachore_Mayuresh_ASDP\Pachore_Mayuresh_Project_2\Pachore_Mayuresh_Project_2\Logical\LED_IO\Types.typ"
    LogicalPath="LED_IO.Types.typ"
    Type="File"
    LastWriteTime="133687918080000000"
    Private="true" />
  <Object
    Path="D:\Pachore_Mayuresh_ASDP\Pachore_Mayuresh_Project_2\Pachore_Mayuresh_Project_2\Logical\LED_IO\Variables.var"
    LogicalPath="LED_IO.Variables.var"
    Type="File"
    LastWriteTime="133687922140000000"
    Private="true" />
  <Object
    Path="D:\Pachore_Mayuresh_ASDP\Pachore_Mayuresh_Project_2\Pachore_Mayuresh_Project_2\Logical\Input_Bridge\IEC.prg"
    LogicalPath="Input_Bridge"
    Type="Program"
    LastWriteTime="133687926140000000" />
  <Object
    Path="D:\Pachore_Mayuresh_ASDP\Pachore_Mayuresh_Project_2\Pachore_Mayuresh_Project_2\Logical\Input_Bridge\Main.st"
    LogicalPath="Input_Bridge.Main.st"
    Type="File"
    LastWriteTime="133731236166349682"
    Private="false" />
  <Object
    Path="D:\Pachore_Mayuresh_ASDP\Pachore_Mayuresh_Project_2\Pachore_Mayuresh_Project_2\Logical\Input_Bridge\Types.typ"
    LogicalPath="Input_Bridge.Types.typ"
    Type="File"
    LastWriteTime="133687918100000000"
    Private="true" />
  <Object
    Path="D:\Pachore_Mayuresh_ASDP\Pachore_Mayuresh_Project_2\Pachore_Mayuresh_Project_2\Logical\Input_Bridge\Variables.var"
    LogicalPath="Input_Bridge.Variables.var"
    Type="File"
    LastWriteTime="133687918100000000"
    Private="true" />
  <Object
    Path="D:\Pachore_Mayuresh_ASDP\Pachore_Mayuresh_Project_2\Pachore_Mayuresh_Project_2\Logical\Output_Bridge\IEC.prg"
    LogicalPath="Output_Bridge"
    Type="Program"
    LastWriteTime="133687926520000000" />
  <Object
    Path="D:\Pachore_Mayuresh_ASDP\Pachore_Mayuresh_Project_2\Pachore_Mayuresh_Project_2\Logical\Output_Bridge\Main.st"
    LogicalPath="Output_Bridge.Main.st"
    Type="File"
    LastWriteTime="133731236241484109"
    Private="false" />
  <Object
    Path="D:\Pachore_Mayuresh_ASDP\Pachore_Mayuresh_Project_2\Pachore_Mayuresh_Project_2\Logical\Output_Bridge\Types.typ"
    LogicalPath="Output_Bridge.Types.typ"
    Type="File"
    LastWriteTime="133687918120000000"
    Private="true" />
  <Object
    Path="D:\Pachore_Mayuresh_ASDP\Pachore_Mayuresh_Project_2\Pachore_Mayuresh_Project_2\Logical\Output_Bridge\Variables.var"
    LogicalPath="Output_Bridge.Variables.var"
    Type="File"
    LastWriteTime="133687918120000000"
    Private="true" />
  <Object
    Path="D:\Pachore_Mayuresh_ASDP\Pachore_Mayuresh_Project_2\Pachore_Mayuresh_Project_2\Physical\Config1\Config.pkg"
    LogicalPath="Config1"
    Type="Configuration.ParentUnknown"
    LastWriteTime="133540983220000000" />
  <Object
    Path="D:\Pachore_Mayuresh_ASDP\Pachore_Mayuresh_Project_2\Pachore_Mayuresh_Project_2\Physical\Config1\Hardware.hw"
    LogicalPath="Config1.Hardware.hw"
    Type="File"
    LastWriteTime="133894779897497113"
    Private="false" />
  <Object
    Path="D:\Pachore_Mayuresh_ASDP\Pachore_Mayuresh_Project_2\Pachore_Mayuresh_Project_2\Physical\Config1\Hardware.hwl"
    LogicalPath="Config1.Hardware.hwl"
    Type="File"
    LastWriteTime="133547038980000000"
    Private="false" />
  <Object
    Path="D:\Pachore_Mayuresh_ASDP\Pachore_Mayuresh_Project_2\Pachore_Mayuresh_Project_2\Physical\Config1\X20CP1382\Cpu.pkg"
    LogicalPath="Config1.X20CP1382"
    Type="Cpu"
    LastWriteTime="133868656761591561" />
  <Object
    Path="D:\Pachore_Mayuresh_ASDP\Pachore_Mayuresh_Project_2\Pachore_Mayuresh_Project_2\Physical\Config1\X20CP1382\Cpu.sw"
    LogicalPath="Config1.X20CP1382.Cpu.sw"
    Type="File"
    LastWriteTime="133689579580000000"
    Private="false" />
  <Object
    Path="D:\Pachore_Mayuresh_ASDP\Pachore_Mayuresh_Project_2\Pachore_Mayuresh_Project_2\Physical\Config1\X20CP1382\Cpu.per"
    LogicalPath="Config1.X20CP1382.Cpu.per"
    Type="File"
    LastWriteTime="133540983180000000"
    Private="false" />
  <Object
    Path="D:\Pachore_Mayuresh_ASDP\Pachore_Mayuresh_Project_2\Pachore_Mayuresh_Project_2\Physical\Config1\X20CP1382\IoMap.iom"
    LogicalPath="Config1.X20CP1382.IoMap.iom"
    Type="File"
    LastWriteTime="133687759240000000"
    Private="false" />
  <Object
    Path="D:\Pachore_Mayuresh_ASDP\Pachore_Mayuresh_Project_2\Pachore_Mayuresh_Project_2\Physical\Config1\X20CP1382\PvMap.vvm"
    LogicalPath="Config1.X20CP1382.PvMap.vvm"
    Type="File"
    LastWriteTime="133540983180000000"
    Private="false" />
  <Object
    Path="D:\Pachore_Mayuresh_ASDP\Pachore_Mayuresh_Project_2\Pachore_Mayuresh_Project_2\Physical\Config1\X20CP1382\Connectivity\Package.pkg"
    LogicalPath="Config1.X20CP1382.Connectivity"
    Type="Package"
    LastWriteTime="133540983200000000" />
  <Object
    Path="D:\Pachore_Mayuresh_ASDP\Pachore_Mayuresh_Project_2\Pachore_Mayuresh_Project_2\Physical\Config1\X20CP1382\Connectivity\OpcUA\Package.pkg"
    LogicalPath="Config1.X20CP1382.Connectivity.OpcUA"
    Type="Package"
    LastWriteTime="133570206460000000" />
  <Object
    Path="D:\Pachore_Mayuresh_ASDP\Pachore_Mayuresh_Project_2\Pachore_Mayuresh_Project_2\Physical\Config1\X20CP1382\Connectivity\OpcUA\OpcUaMap.uad"
    LogicalPath="Config1.X20CP1382.Connectivity.OpcUA.OpcUaMap.uad"
    Type="File"
    LastWriteTime="133730998740450426"
    Private="false" />
  <Object
    Path="D:\Pachore_Mayuresh_ASDP\Pachore_Mayuresh_Project_2\Pachore_Mayuresh_Project_2\Physical\Config1\X20CP1382\TextSystem\Package.pkg"
    LogicalPath="Config1.X20CP1382.TextSystem"
    Type="Package"
    LastWriteTime="133677564600000000" />
  <Object
    Path="D:\Pachore_Mayuresh_ASDP\Pachore_Mayuresh_Project_2\Pachore_Mayuresh_Project_2\Physical\Config1\X20CP1382\TextSystem\TC.textconfig"
    LogicalPath="Config1.X20CP1382.TextSystem.TC.textconfig"
    Type="File"
    LastWriteTime="133677743020000000"
    Private="false" />
  <Object
    Path="D:\Pachore_Mayuresh_ASDP\Pachore_Mayuresh_Project_2\Pachore_Mayuresh_Project_2\Physical\Config1\X20CP1382\UnitSystem\Package.pkg"
    LogicalPath="Config1.X20CP1382.UnitSystem"
    Type="Package"
    LastWriteTime="133540983200000000" />
  <Object
    Path="D:\Pachore_Mayuresh_ASDP\Pachore_Mayuresh_Project_2\Pachore_Mayuresh_Project_2\Physical\Config1\X20CP1382\AccessAndSecurity\Package.pkg"
    LogicalPath="Config1.X20CP1382.AccessAndSecurity"
    Type="Package"
    LastWriteTime="133540983200000000" />
  <Object
    Path="D:\Pachore_Mayuresh_ASDP\Pachore_Mayuresh_Project_2\Pachore_Mayuresh_Project_2\Physical\Config1\X20CP1382\AccessAndSecurity\UserRoleSystem\Package.pkg"
    LogicalPath="Config1.X20CP1382.AccessAndSecurity.UserRoleSystem"
    Type="Package"
    LastWriteTime="133540983200000000" />
  <Object
    Path="D:\Pachore_Mayuresh_ASDP\Pachore_Mayuresh_Project_2\Pachore_Mayuresh_Project_2\Physical\Config1\X20CP1382\AccessAndSecurity\UserRoleSystem\Role.role"
    LogicalPath="Config1.X20CP1382.AccessAndSecurity.UserRoleSystem.Role.role"
    Type="File"
    LastWriteTime="133540983200000000"
    Private="false" />
  <Object
    Path="D:\Pachore_Mayuresh_ASDP\Pachore_Mayuresh_Project_2\Pachore_Mayuresh_Project_2\Physical\Config1\X20CP1382\AccessAndSecurity\UserRoleSystem\User.user"
    LogicalPath="Config1.X20CP1382.AccessAndSecurity.UserRoleSystem.User.user"
    Type="File"
    LastWriteTime="133540983200000000"
    Private="false" />
  <Object
    Path="D:\Pachore_Mayuresh_ASDP\Pachore_Mayuresh_Project_2\Pachore_Mayuresh_Project_2\Physical\Config1\X20CP1382\AccessAndSecurity\CertificateStore\Package.pkg"
    LogicalPath="Config1.X20CP1382.AccessAndSecurity.CertificateStore"
    Type="Package"
    LastWriteTime="133540983200000000" />
  <Object
    Path="D:\Pachore_Mayuresh_ASDP\Pachore_Mayuresh_Project_2\Pachore_Mayuresh_Project_2\Physical\Config1\X20CP1382\AccessAndSecurity\CertificateStore\OwnCertificates\Package.pkg"
    LogicalPath="Config1.X20CP1382.AccessAndSecurity.CertificateStore.OwnCertificates"
    Type="Package"
    LastWriteTime="133540983200000000" />
  <Object
    Path="D:\Pachore_Mayuresh_ASDP\Pachore_Mayuresh_Project_2\Pachore_Mayuresh_Project_2\Physical\Config1\X20CP1382\AccessAndSecurity\CertificateStore\OwnCertificates\Certificates\Package.pkg"
    LogicalPath="Config1.X20CP1382.AccessAndSecurity.CertificateStore.OwnCertificates.Certificates"
    Type="Package"
    LastWriteTime="133540983200000000" />
  <Object
    Path="D:\Pachore_Mayuresh_ASDP\Pachore_Mayuresh_Project_2\Pachore_Mayuresh_Project_2\Physical\Config1\X20CP1382\AccessAndSecurity\CertificateStore\OwnCertificates\PrivateKeys\Package.pkg"
    LogicalPath="Config1.X20CP1382.AccessAndSecurity.CertificateStore.OwnCertificates.PrivateKeys"
    Type="Package"
    LastWriteTime="133540983200000000" />
  <Object
    Path="D:\Pachore_Mayuresh_ASDP\Pachore_Mayuresh_Project_2\Pachore_Mayuresh_Project_2\Physical\Config1\X20CP1382\AccessAndSecurity\CertificateStore\ThirdPartyCertificates\Package.pkg"
    LogicalPath="Config1.X20CP1382.AccessAndSecurity.CertificateStore.ThirdPartyCertificates"
    Type="Package"
    LastWriteTime="133540983200000000" />
  <Object
    Path="D:\Pachore_Mayuresh_ASDP\Pachore_Mayuresh_Project_2\Pachore_Mayuresh_Project_2\Physical\Config1\X20CP1382\AccessAndSecurity\CertificateStore\ThirdPartyCertificates\SoftwareCertificates\Package.pkg"
    LogicalPath="Config1.X20CP1382.AccessAndSecurity.CertificateStore.ThirdPartyCertificates.SoftwareCertificates"
    Type="Package"
    LastWriteTime="133540983200000000" />
  <Object
    Path="D:\Pachore_Mayuresh_ASDP\Pachore_Mayuresh_Project_2\Pachore_Mayuresh_Project_2\Physical\Config1\X20CP1382\AccessAndSecurity\CertificateStore\CertificateRevocationLists\Package.pkg"
    LogicalPath="Config1.X20CP1382.AccessAndSecurity.CertificateStore.CertificateRevocationLists"
    Type="Package"
    LastWriteTime="133540983200000000" />
  <Object
    Path="D:\Pachore_Mayuresh_ASDP\Pachore_Mayuresh_Project_2\Pachore_Mayuresh_Project_2\Physical\Config1\X20CP1382\AccessAndSecurity\CertificateStore\CertificateSigningRequests\Package.pkg"
    LogicalPath="Config1.X20CP1382.AccessAndSecurity.CertificateStore.CertificateSigningRequests"
    Type="Package"
    LastWriteTime="133540983200000000" />
  <Object
    Path="D:\Pachore_Mayuresh_ASDP\Pachore_Mayuresh_Project_2\Pachore_Mayuresh_Project_2\Physical\Config1\X20CP1382\AccessAndSecurity\TransportLayerSecurity\Package.pkg"
    LogicalPath="Config1.X20CP1382.AccessAndSecurity.TransportLayerSecurity"
    Type="Package"
    LastWriteTime="133540983200000000" />
  <Object
    Path="D:\Pachore_Mayuresh_ASDP\Pachore_Mayuresh_Project_2\Pachore_Mayuresh_Project_2\Physical\Config1\X20CP1382\AccessAndSecurity\Firewall\Package.pkg"
    LogicalPath="Config1.X20CP1382.AccessAndSecurity.Firewall"
    Type="Package"
    LastWriteTime="133540983200000000" />
  <Object
    Path="D:\Pachore_Mayuresh_ASDP\Pachore_Mayuresh_Project_2\Pachore_Mayuresh_Project_2\Physical\Config1\X20CP1382\AccessAndSecurity\Firewall\Rules.firewallRules"
    LogicalPath="Config1.X20CP1382.AccessAndSecurity.Firewall.Rules.firewallRules"
    Type="File"
    LastWriteTime="133540983200000000"
    Private="false" />
  <Object
    Path="D:\Pachore_Mayuresh_ASDP\Pachore_Mayuresh_Project_2\Pachore_Mayuresh_Project_2\Physical\Config1\X20CP1382\mappControl\Package.pkg"
    LogicalPath="Config1.X20CP1382.mappControl"
    Type="Package"
    LastWriteTime="133540983200000000" />
  <Object
    Path="D:\Pachore_Mayuresh_ASDP\Pachore_Mayuresh_Project_2\Pachore_Mayuresh_Project_2\Physical\Config1\X20CP1382\mappMotion\Package.pkg"
    LogicalPath="Config1.X20CP1382.mappMotion"
    Type="Package"
    LastWriteTime="133540983200000000" />
  <Object
    Path="D:\Pachore_Mayuresh_ASDP\Pachore_Mayuresh_Project_2\Pachore_Mayuresh_Project_2\Physical\Config1\X20CP1382\mappServices\Package.pkg"
    LogicalPath="Config1.X20CP1382.mappServices"
    Type="Package"
    LastWriteTime="133540983200000000" />
  <Object
    Path="D:\Pachore_Mayuresh_ASDP\Pachore_Mayuresh_Project_2\Pachore_Mayuresh_Project_2\Physical\Config1\X20CP1382\mappSafety\Package.pkg"
    LogicalPath="Config1.X20CP1382.mappSafety"
    Type="Package"
    LastWriteTime="133540983200000000" />
  <Object
    Path="D:\Pachore_Mayuresh_ASDP\Pachore_Mayuresh_Project_2\Pachore_Mayuresh_Project_2\Physical\Config1\X20CP1382\mappSafety\SafeApplication\Package.pkg"
    LogicalPath="Config1.X20CP1382.mappSafety.SafeApplication"
    Type="Package"
    LastWriteTime="133540983200000000" />
  <Object
    Path="D:\Pachore_Mayuresh_ASDP\Pachore_Mayuresh_Project_2\Pachore_Mayuresh_Project_2\Physical\Config1\X20CP1382\mappSafety\SafeCommissioning\Package.pkg"
    LogicalPath="Config1.X20CP1382.mappSafety.SafeCommissioning"
    Type="Package"
    LastWriteTime="133540983200000000" />
  <Object
    Path="D:\Pachore_Mayuresh_ASDP\Pachore_Mayuresh_Project_2\Pachore_Mayuresh_Project_2\Physical\Config1\X20CP1382\mappView\Package.pkg"
    LogicalPath="Config1.X20CP1382.mappView"
    Type="Package"
    LastWriteTime="133687750800000000" />
  <Object
    Path="D:\Pachore_Mayuresh_ASDP\Pachore_Mayuresh_Project_2\Pachore_Mayuresh_Project_2\Physical\Config1\X20CP1382\mappView\Visualizat.vis"
    LogicalPath="Config1.X20CP1382.mappView.Visualizat.vis"
    Type="File"
    LastWriteTime="133687750800000000"
    Private="false" />
  <Object
    Path="D:\Pachore_Mayuresh_ASDP\Pachore_Mayuresh_Project_2\Pachore_Mayuresh_Project_2\Physical\Config1\X20CP1382\mappView\Config.mappviewcfg"
    LogicalPath="Config1.X20CP1382.mappView.Config.mappviewcfg"
    Type="File"
    LastWriteTime="133677338880000000"
    Private="false" />
  <Object
    Path="D:\Pachore_Mayuresh_ASDP\Pachore_Mayuresh_Project_2\Pachore_Mayuresh_Project_2\Physical\Config1\X20CP1382\mappView\ContentTop.binding"
    LogicalPath="Config1.X20CP1382.mappView.ContentTop.binding"
    Type="File"
    LastWriteTime="133687735540000000"
    Private="false" />
  <Object
    Path="D:\Pachore_Mayuresh_ASDP\Pachore_Mayuresh_Project_2\Pachore_Mayuresh_Project_2\Physical\Config1\X20CP1382\mappView\ContentOperate.binding"
    LogicalPath="Config1.X20CP1382.mappView.ContentOperate.binding"
    Type="File"
    LastWriteTime="133690037740000000"
    Private="false" />
  <Object
    Path="D:\Pachore_Mayuresh_ASDP\Pachore_Mayuresh_Project_2\Pachore_Mayuresh_Project_2\Physical\Config1\X20CP1382\mappView\ContentManual.binding"
    LogicalPath="Config1.X20CP1382.mappView.ContentManual.binding"
    Type="File"
    LastWriteTime="133731176060621746"
    Private="false" />
  <Object
    Path="D:\Pachore_Mayuresh_ASDP\Pachore_Mayuresh_Project_2\Pachore_Mayuresh_Project_2\Physical\Config1\X20CP1382\mappVision\Package.pkg"
    LogicalPath="Config1.X20CP1382.mappVision"
    Type="Package"
    LastWriteTime="133540983200000000" />
  <Object
    Path="D:\Pachore_Mayuresh_ASDP\Pachore_Mayuresh_Project_2\Pachore_Mayuresh_Project_2\Physical\Config1\X20CP1382\mappCockpit\Package.pkg"
    LogicalPath="Config1.X20CP1382.mappCockpit"
    Type="Package"
    LastWriteTime="133540983200000000" />
  <Object
    Path="D:\Pachore_Mayuresh_ASDP\Pachore_Mayuresh_Project_2\Pachore_Mayuresh_Project_2\Physical\Config1\X20CP1382\Motion\Package.pkg"
    LogicalPath="Config1.X20CP1382.Motion"
    Type="Package"
    LastWriteTime="133868656737378144" />
  <Object
    Path="D:\Pachore_Mayuresh_ASDP\Pachore_Mayuresh_Project_2\Pachore_Mayuresh_Project_2\Physical\Config1\X20CP1382\Motion\Acp10cfg.ncc"
    LogicalPath="Config1.X20CP1382.Motion.Acp10cfg.ncc"
    Type="File"
    LastWriteTime="133541059880000000"
    Private="false" />
  <Object
    Path="D:\Pachore_Mayuresh_ASDP\Pachore_Mayuresh_Project_2\Pachore_Mayuresh_Project_2\Physical\Config1\X20CP1382\Motion\Acp10map.ncm"
    LogicalPath="Config1.X20CP1382.Motion.Acp10map.ncm"
    Type="File"
    LastWriteTime="133541059880000000"
    Private="false" />
  <Object
    Path="D:\Pachore_Mayuresh_ASDP\Pachore_Mayuresh_Project_2\Pachore_Mayuresh_Project_2\Physical\Config1\X20CP1382\Motion\Config.mpaxisbasic"
    LogicalPath="Config1.X20CP1382.Motion.Config.mpaxisbasic"
    Type="File"
    LastWriteTime="133547170960000000"
    Private="false" />
  <Object
    Path="D:\Pachore_Mayuresh_ASDP\Pachore_Mayuresh_Project_2\Pachore_Mayuresh_Project_2\Physical\Config1\X20CP1382\Motion\Acp10sys.br"
    LogicalPath="Config1.X20CP1382.Motion.Acp10sys.br"
    Type="File"
    LastWriteTime="133868656738472099"
    Private="false" />
  <Object
    Path="D:\Pachore_Mayuresh_ASDP\Pachore_Mayuresh_Project_2\Pachore_Mayuresh_Project_2\Physical\Config1\Hardware.jpg"
    LogicalPath="Config1.Hardware.jpg"
    Type="File"
    LastWriteTime="133547038980000000"
    Private="false" />
</Objects>