<?xml version="1.0" encoding="utf-8"?>
<?AutomationStudio Version="4.12.6.106"?>
<Objects>
  <Object
    Path="D:\Pachore_Mayuresh_ASDP\Pachore_Mayuresh_Project_1\Pachore_Mayuresh_Project_1\Logical\Package.pkg"
    LogicalPath=""
    Type="Package.ParentUnknown"
    LastWriteTime="133689651591184704" />
  <Object
    Path="D:\Pachore_Mayuresh_ASDP\Pachore_Mayuresh_Project_1\Pachore_Mayuresh_Project_1\Temp\Includes\AS_TempDecl\MpComponents.var"
    LogicalPath="MpComponents.var"
    Type="File"
    LastWriteTime="133687829088058879"
    Private="false" />
  <Object
    Path="D:\Pachore_Mayuresh_ASDP\Pachore_Mayuresh_Project_1\Pachore_Mayuresh_Project_1\Logical\MNG_Global.typ"
    LogicalPath="MNG_Global.typ"
    Type="File"
    LastWriteTime="133558286800000000"
    Private="false" />
  <Object
    Path="D:\Pachore_Mayuresh_ASDP\Pachore_Mayuresh_Project_1\Pachore_Mayuresh_Project_1\Logical\Global.typ"
    LogicalPath="Global.typ"
    Type="File"
    LastWriteTime="133541019160000000"
    Private="false" />
  <Object
    Path="D:\Pachore_Mayuresh_ASDP\Pachore_Mayuresh_Project_1\Pachore_Mayuresh_Project_1\Logical\MNG_Package.var"
    LogicalPath="MNG_Package.var"
    Type="File"
    LastWriteTime="133558286880000000"
    Private="false" />
  <Object
    Path="D:\Pachore_Mayuresh_ASDP\Pachore_Mayuresh_Project_1\Pachore_Mayuresh_Project_1\Logical\MNG_Package.typ"
    LogicalPath="MNG_Package.typ"
    Type="File"
    LastWriteTime="133558286840000000"
    Private="false" />
  <Object
    Path="D:\Pachore_Mayuresh_ASDP\Pachore_Mayuresh_Project_1\Pachore_Mayuresh_Project_1\Logical\Global.var"
    LogicalPath="Global.var"
    Type="File"
    LastWriteTime="133731029985628940"
    Private="false" />
  <Object
    Path="D:\Pachore_Mayuresh_ASDP\Pachore_Mayuresh_Project_1\Pachore_Mayuresh_Project_1\Logical\Libraries\Package.pkg"
    LogicalPath="Libraries"
    Type="Package"
    LastWriteTime="133687989785904169" />
  <Object
    Path="D:\Pachore_Mayuresh_ASDP\Pachore_Mayuresh_Project_1\Pachore_Mayuresh_Project_1\Logical\Libraries\operator\binary.lby"
    LogicalPath="Libraries.operator"
    Type="Library"
    LastWriteTime="133541019180000000" />
  <Object
    Path="D:\Pachore_Mayuresh_ASDP\Pachore_Mayuresh_Project_1\Pachore_Mayuresh_Project_1\Logical\Libraries\operator\operator.fun"
    LogicalPath="Libraries.operator.operator.fun"
    Type="File"
    LastWriteTime="133541019180000000"
    Private="false" />
  <Object
    Path="D:\Pachore_Mayuresh_ASDP\Pachore_Mayuresh_Project_1\Pachore_Mayuresh_Project_1\Logical\Libraries\operator\operator.typ"
    LogicalPath="Libraries.operator.operator.typ"
    Type="File"
    LastWriteTime="133541019180000000"
    Private="false" />
  <Object
    Path="D:\Pachore_Mayuresh_ASDP\Pachore_Mayuresh_Project_1\Pachore_Mayuresh_Project_1\Logical\Libraries\operator\operator.var"
    LogicalPath="Libraries.operator.operator.var"
    Type="File"
    LastWriteTime="133541019180000000"
    Private="false" />
  <Object
    Path="D:\Pachore_Mayuresh_ASDP\Pachore_Mayuresh_Project_1\Pachore_Mayuresh_Project_1\Logical\Libraries\runtime\binary.lby"
    LogicalPath="Libraries.runtime"
    Type="Library"
    LastWriteTime="133541019180000000" />
  <Object
    Path="D:\Pachore_Mayuresh_ASDP\Pachore_Mayuresh_Project_1\Pachore_Mayuresh_Project_1\Logical\Libraries\runtime\runtime.fun"
    LogicalPath="Libraries.runtime.runtime.fun"
    Type="File"
    LastWriteTime="133541019180000000"
    Private="false" />
  <Object
    Path="D:\Pachore_Mayuresh_ASDP\Pachore_Mayuresh_Project_1\Pachore_Mayuresh_Project_1\Logical\Libraries\runtime\runtime.typ"
    LogicalPath="Libraries.runtime.runtime.typ"
    Type="File"
    LastWriteTime="133541019180000000"
    Private="false" />
  <Object
    Path="D:\Pachore_Mayuresh_ASDP\Pachore_Mayuresh_Project_1\Pachore_Mayuresh_Project_1\Logical\Libraries\runtime\runtime.var"
    LogicalPath="Libraries.runtime.runtime.var"
    Type="File"
    LastWriteTime="133541019180000000"
    Private="false" />
  <Object
    Path="D:\Pachore_Mayuresh_ASDP\Pachore_Mayuresh_Project_1\Pachore_Mayuresh_Project_1\Logical\Libraries\astime\binary.lby"
    LogicalPath="Libraries.astime"
    Type="Library"
    LastWriteTime="133541019180000000" />
  <Object
    Path="D:\Pachore_Mayuresh_ASDP\Pachore_Mayuresh_Project_1\Pachore_Mayuresh_Project_1\Logical\Libraries\astime\astime.fun"
    LogicalPath="Libraries.astime.astime.fun"
    Type="File"
    LastWriteTime="133541019180000000"
    Private="false" />
  <Object
    Path="D:\Pachore_Mayuresh_ASDP\Pachore_Mayuresh_Project_1\Pachore_Mayuresh_Project_1\Logical\Libraries\astime\astime.typ"
    LogicalPath="Libraries.astime.astime.typ"
    Type="File"
    LastWriteTime="133541019180000000"
    Private="false" />
  <Object
    Path="D:\Pachore_Mayuresh_ASDP\Pachore_Mayuresh_Project_1\Pachore_Mayuresh_Project_1\Logical\Libraries\astime\astime.var"
    LogicalPath="Libraries.astime.astime.var"
    Type="File"
    LastWriteTime="133541019180000000"
    Private="false" />
  <Object
    Path="D:\Pachore_Mayuresh_ASDP\Pachore_Mayuresh_Project_1\Pachore_Mayuresh_Project_1\Logical\Libraries\AsIecCon\binary.lby"
    LogicalPath="Libraries.AsIecCon"
    Type="Library"
    LastWriteTime="133541019180000000" />
  <Object
    Path="D:\Pachore_Mayuresh_ASDP\Pachore_Mayuresh_Project_1\Pachore_Mayuresh_Project_1\Logical\Libraries\AsIecCon\AsIecCon.fun"
    LogicalPath="Libraries.AsIecCon.AsIecCon.fun"
    Type="File"
    LastWriteTime="133541019180000000"
    Private="false" />
  <Object
    Path="D:\Pachore_Mayuresh_ASDP\Pachore_Mayuresh_Project_1\Pachore_Mayuresh_Project_1\Logical\Libraries\AsIecCon\AsIecCon.typ"
    LogicalPath="Libraries.AsIecCon.AsIecCon.typ"
    Type="File"
    LastWriteTime="133541019180000000"
    Private="false" />
  <Object
    Path="D:\Pachore_Mayuresh_ASDP\Pachore_Mayuresh_Project_1\Pachore_Mayuresh_Project_1\Logical\Libraries\AsIecCon\AsIecCon.var"
    LogicalPath="Libraries.AsIecCon.AsIecCon.var"
    Type="File"
    LastWriteTime="133541019180000000"
    Private="false" />
  <Object
    Path="D:\Pachore_Mayuresh_ASDP\Pachore_Mayuresh_Project_1\Pachore_Mayuresh_Project_1\Logical\Libraries\sys_lib\binary.lby"
    LogicalPath="Libraries.sys_lib"
    Type="Library"
    LastWriteTime="133541095920000000" />
  <Object
    Path="D:\Pachore_Mayuresh_ASDP\Pachore_Mayuresh_Project_1\Pachore_Mayuresh_Project_1\Logical\Libraries\sys_lib\sys_lib.fun"
    LogicalPath="Libraries.sys_lib.sys_lib.fun"
    Type="File"
    LastWriteTime="133541095920000000"
    Private="false" />
  <Object
    Path="D:\Pachore_Mayuresh_ASDP\Pachore_Mayuresh_Project_1\Pachore_Mayuresh_Project_1\Logical\Libraries\sys_lib\sys_lib.typ"
    LogicalPath="Libraries.sys_lib.sys_lib.typ"
    Type="File"
    LastWriteTime="133541095920000000"
    Private="false" />
  <Object
    Path="D:\Pachore_Mayuresh_ASDP\Pachore_Mayuresh_Project_1\Pachore_Mayuresh_Project_1\Logical\Libraries\sys_lib\sys_lib.var"
    LogicalPath="Libraries.sys_lib.sys_lib.var"
    Type="File"
    LastWriteTime="133541095920000000"
    Private="false" />
  <Object
    Path="D:\Pachore_Mayuresh_ASDP\Pachore_Mayuresh_Project_1\Pachore_Mayuresh_Project_1\Logical\Libraries\brsystem\binary.lby"
    LogicalPath="Libraries.brsystem"
    Type="Library"
    LastWriteTime="133541095920000000" />
  <Object
    Path="D:\Pachore_Mayuresh_ASDP\Pachore_Mayuresh_Project_1\Pachore_Mayuresh_Project_1\Logical\Libraries\brsystem\brsystem.fun"
    LogicalPath="Libraries.brsystem.brsystem.fun"
    Type="File"
    LastWriteTime="133541095920000000"
    Private="false" />
  <Object
    Path="D:\Pachore_Mayuresh_ASDP\Pachore_Mayuresh_Project_1\Pachore_Mayuresh_Project_1\Logical\Libraries\brsystem\brsystem.typ"
    LogicalPath="Libraries.brsystem.brsystem.typ"
    Type="File"
    LastWriteTime="133541095920000000"
    Private="false" />
  <Object
    Path="D:\Pachore_Mayuresh_ASDP\Pachore_Mayuresh_Project_1\Pachore_Mayuresh_Project_1\Logical\Libraries\brsystem\brsystem.var"
    LogicalPath="Libraries.brsystem.brsystem.var"
    Type="File"
    LastWriteTime="133541095920000000"
    Private="false" />
  <Object
    Path="D:\Pachore_Mayuresh_ASDP\Pachore_Mayuresh_Project_1\Pachore_Mayuresh_Project_1\Logical\Libraries\Acp10man\Binary.lby"
    LogicalPath="Libraries.Acp10man"
    Type="Library"
    LastWriteTime="133547210160000000" />
  <Object
    Path="D:\Pachore_Mayuresh_ASDP\Pachore_Mayuresh_Project_1\Pachore_Mayuresh_Project_1\Logical\Libraries\Acp10man\Acp10man.typ"
    LogicalPath="Libraries.Acp10man.Acp10man.typ"
    Type="File"
    LastWriteTime="133547210160000000"
    Private="false" />
  <Object
    Path="D:\Pachore_Mayuresh_ASDP\Pachore_Mayuresh_Project_1\Pachore_Mayuresh_Project_1\Logical\Libraries\Acp10par\Binary.lby"
    LogicalPath="Libraries.Acp10par"
    Type="Library"
    LastWriteTime="133547210160000000" />
  <Object
    Path="D:\Pachore_Mayuresh_ASDP\Pachore_Mayuresh_Project_1\Pachore_Mayuresh_Project_1\Logical\Libraries\Acp10par\Acp10par.var"
    LogicalPath="Libraries.Acp10par.Acp10par.var"
    Type="File"
    LastWriteTime="133547210160000000"
    Private="false" />
  <Object
    Path="D:\Pachore_Mayuresh_ASDP\Pachore_Mayuresh_Project_1\Pachore_Mayuresh_Project_1\Logical\Libraries\NcGlobal\Binary.lby"
    LogicalPath="Libraries.NcGlobal"
    Type="Library"
    LastWriteTime="133547210160000000" />
  <Object
    Path="D:\Pachore_Mayuresh_ASDP\Pachore_Mayuresh_Project_1\Pachore_Mayuresh_Project_1\Logical\Libraries\NcGlobal\NcGlobal.fun"
    LogicalPath="Libraries.NcGlobal.NcGlobal.fun"
    Type="File"
    LastWriteTime="133547210160000000"
    Private="false" />
  <Object
    Path="D:\Pachore_Mayuresh_ASDP\Pachore_Mayuresh_Project_1\Pachore_Mayuresh_Project_1\Logical\Libraries\NcGlobal\NcGlobal.typ"
    LogicalPath="Libraries.NcGlobal.NcGlobal.typ"
    Type="File"
    LastWriteTime="133547210160000000"
    Private="false" />
  <Object
    Path="D:\Pachore_Mayuresh_ASDP\Pachore_Mayuresh_Project_1\Pachore_Mayuresh_Project_1\Logical\Libraries\NcGlobal\NcGlobal.var"
    LogicalPath="Libraries.NcGlobal.NcGlobal.var"
    Type="File"
    LastWriteTime="133547210160000000"
    Private="false" />
  <Object
    Path="D:\Pachore_Mayuresh_ASDP\Pachore_Mayuresh_Project_1\Pachore_Mayuresh_Project_1\Logical\Libraries\Acp10sim\binary.lby"
    LogicalPath="Libraries.Acp10sim"
    Type="Library"
    LastWriteTime="133547210160000000" />
  <Object
    Path="D:\Pachore_Mayuresh_ASDP\Pachore_Mayuresh_Project_1\Pachore_Mayuresh_Project_1\Logical\Libraries\Acp10sim\acp10sim.var"
    LogicalPath="Libraries.Acp10sim.acp10sim.var"
    Type="File"
    LastWriteTime="133547210160000000"
    Private="false" />
  <Object
    Path="D:\Pachore_Mayuresh_ASDP\Pachore_Mayuresh_Project_1\Pachore_Mayuresh_Project_1\Logical\Libraries\Acp10sim\acp10sim.typ"
    LogicalPath="Libraries.Acp10sim.acp10sim.typ"
    Type="File"
    LastWriteTime="133547210160000000"
    Private="false" />
  <Object
    Path="D:\Pachore_Mayuresh_ASDP\Pachore_Mayuresh_Project_1\Pachore_Mayuresh_Project_1\Logical\Libraries\Acp10_MC\binary.lby"
    LogicalPath="Libraries.Acp10_MC"
    Type="Library"
    LastWriteTime="133547210160000000" />
  <Object
    Path="D:\Pachore_Mayuresh_ASDP\Pachore_Mayuresh_Project_1\Pachore_Mayuresh_Project_1\Logical\Libraries\Acp10_MC\acp10_mc.fun"
    LogicalPath="Libraries.Acp10_MC.acp10_mc.fun"
    Type="File"
    LastWriteTime="133547210160000000"
    Private="false" />
  <Object
    Path="D:\Pachore_Mayuresh_ASDP\Pachore_Mayuresh_Project_1\Pachore_Mayuresh_Project_1\Logical\Libraries\Acp10_MC\acp10_mc.typ"
    LogicalPath="Libraries.Acp10_MC.acp10_mc.typ"
    Type="File"
    LastWriteTime="133547210160000000"
    Private="false" />
  <Object
    Path="D:\Pachore_Mayuresh_ASDP\Pachore_Mayuresh_Project_1\Pachore_Mayuresh_Project_1\Logical\Libraries\Acp10_MC\acp10_mc.var"
    LogicalPath="Libraries.Acp10_MC.acp10_mc.var"
    Type="File"
    LastWriteTime="133547210160000000"
    Private="false" />
  <Object
    Path="D:\Pachore_Mayuresh_ASDP\Pachore_Mayuresh_Project_1\Pachore_Mayuresh_Project_1\Logical\Libraries\MpAxis\Binary.lby"
    LogicalPath="Libraries.MpAxis"
    Type="Library"
    LastWriteTime="133547210160000000" />
  <Object
    Path="D:\Pachore_Mayuresh_ASDP\Pachore_Mayuresh_Project_1\Pachore_Mayuresh_Project_1\Logical\Libraries\MpAxis\MpAxis.typ"
    LogicalPath="Libraries.MpAxis.MpAxis.typ"
    Type="File"
    LastWriteTime="133547210160000000"
    Private="false" />
  <Object
    Path="D:\Pachore_Mayuresh_ASDP\Pachore_Mayuresh_Project_1\Pachore_Mayuresh_Project_1\Logical\Libraries\MpAxis\MpAxisError.typ"
    LogicalPath="Libraries.MpAxis.MpAxisError.typ"
    Type="File"
    LastWriteTime="133547210160000000"
    Private="false" />
  <Object
    Path="D:\Pachore_Mayuresh_ASDP\Pachore_Mayuresh_Project_1\Pachore_Mayuresh_Project_1\Logical\Libraries\MpAxis\MpAxisAlarm.typ"
    LogicalPath="Libraries.MpAxis.MpAxisAlarm.typ"
    Type="File"
    LastWriteTime="133547210160000000"
    Private="false" />
  <Object
    Path="D:\Pachore_Mayuresh_ASDP\Pachore_Mayuresh_Project_1\Pachore_Mayuresh_Project_1\Logical\Libraries\MpAxis\MpAxis.fun"
    LogicalPath="Libraries.MpAxis.MpAxis.fun"
    Type="File"
    LastWriteTime="133547210160000000"
    Private="false" />
  <Object
    Path="D:\Pachore_Mayuresh_ASDP\Pachore_Mayuresh_Project_1\Pachore_Mayuresh_Project_1\Logical\Libraries\ComTCP\Package.pkg"
    LogicalPath="Libraries.ComTCP"
    Type="Package"
    LastWriteTime="133558286200000000" />
  <Object
    Path="D:\Pachore_Mayuresh_ASDP\Pachore_Mayuresh_Project_1\Pachore_Mayuresh_Project_1\Logical\Libraries\ComTCP\ComTCP_L\ANSIC.lby"
    LogicalPath="Libraries.ComTCP.ComTCP_L"
    Type="Library"
    LastWriteTime="132300281640000000" />
  <Object
    Path="D:\Pachore_Mayuresh_ASDP\Pachore_Mayuresh_Project_1\Pachore_Mayuresh_Project_1\Logical\Libraries\ComTCP\ComTCP_L\MNG_InternalTyp.hpp"
    LogicalPath="Libraries.ComTCP.ComTCP_L.MNG_InternalTyp.hpp"
    Type="File"
    LastWriteTime="132300281640000000"
    Private="false" />
  <Object
    Path="D:\Pachore_Mayuresh_ASDP\Pachore_Mayuresh_Project_1\Pachore_Mayuresh_Project_1\Logical\Libraries\ComTCP\ComTCP_L\MNG_ComHdlr.hpp"
    LogicalPath="Libraries.ComTCP.ComTCP_L.MNG_ComHdlr.hpp"
    Type="File"
    LastWriteTime="132300281640000000"
    Private="false" />
  <Object
    Path="D:\Pachore_Mayuresh_ASDP\Pachore_Mayuresh_Project_1\Pachore_Mayuresh_Project_1\Logical\Libraries\ComTCP\ComTCP_L\MNG_ComHdlr.cpp"
    LogicalPath="Libraries.ComTCP.ComTCP_L.MNG_ComHdlr.cpp"
    Type="File"
    LastWriteTime="132300281640000000"
    Private="false" />
  <Object
    Path="D:\Pachore_Mayuresh_ASDP\Pachore_Mayuresh_Project_1\Pachore_Mayuresh_Project_1\Logical\Libraries\ComTCP\ComTCP_L\MNG_Global.hpp"
    LogicalPath="Libraries.ComTCP.ComTCP_L.MNG_Global.hpp"
    Type="File"
    LastWriteTime="132300281640000000"
    Private="false" />
  <Object
    Path="D:\Pachore_Mayuresh_ASDP\Pachore_Mayuresh_Project_1\Pachore_Mayuresh_Project_1\Logical\Libraries\ComTCP\ComTCP_L\MNG_CpyOutToMsg.cpp"
    LogicalPath="Libraries.ComTCP.ComTCP_L.MNG_CpyOutToMsg.cpp"
    Type="File"
    LastWriteTime="132300281640000000"
    Private="false" />
  <Object
    Path="D:\Pachore_Mayuresh_ASDP\Pachore_Mayuresh_Project_1\Pachore_Mayuresh_Project_1\Logical\Libraries\ComTCP\ComTCP_L\MNG_CpyMsgToInp.cpp"
    LogicalPath="Libraries.ComTCP.ComTCP_L.MNG_CpyMsgToInp.cpp"
    Type="File"
    LastWriteTime="132300281640000000"
    Private="false" />
  <Object
    Path="D:\Pachore_Mayuresh_ASDP\Pachore_Mayuresh_Project_1\Pachore_Mayuresh_Project_1\Logical\Libraries\ComTCP\ComTCP_P\ANSIC.prg"
    LogicalPath="Libraries.ComTCP.ComTCP_P"
    Type="Program"
    LastWriteTime="132300281640000000" />
  <Object
    Path="D:\Pachore_Mayuresh_ASDP\Pachore_Mayuresh_Project_1\Pachore_Mayuresh_Project_1\Logical\Libraries\ComTCP\ComTCP_P\Main.cpp"
    LogicalPath="Libraries.ComTCP.ComTCP_P.Main.cpp"
    Type="File"
    LastWriteTime="132300281640000000"
    Private="false" />
  <Object
    Path="D:\Pachore_Mayuresh_ASDP\Pachore_Mayuresh_Project_1\Pachore_Mayuresh_Project_1\Logical\Libraries\ComTCP\ComTCP_P\Types.typ"
    LogicalPath="Libraries.ComTCP.ComTCP_P.Types.typ"
    Type="File"
    LastWriteTime="132300281640000000"
    Private="true" />
  <Object
    Path="D:\Pachore_Mayuresh_ASDP\Pachore_Mayuresh_Project_1\Pachore_Mayuresh_Project_1\Logical\Libraries\ComTCP\ComTCP_P\Variables.var"
    LogicalPath="Libraries.ComTCP.ComTCP_P.Variables.var"
    Type="File"
    LastWriteTime="132300281640000000"
    Private="true" />
  <Object
    Path="D:\Pachore_Mayuresh_ASDP\Pachore_Mayuresh_Project_1\Pachore_Mayuresh_Project_1\Logical\Libraries\AsTCP\binary.lby"
    LogicalPath="Libraries.AsTCP"
    Type="Library"
    LastWriteTime="133558285520000000" />
  <Object
    Path="D:\Pachore_Mayuresh_ASDP\Pachore_Mayuresh_Project_1\Pachore_Mayuresh_Project_1\Logical\Libraries\AsTCP\AsTCP.fun"
    LogicalPath="Libraries.AsTCP.AsTCP.fun"
    Type="File"
    LastWriteTime="133558285520000000"
    Private="false" />
  <Object
    Path="D:\Pachore_Mayuresh_ASDP\Pachore_Mayuresh_Project_1\Pachore_Mayuresh_Project_1\Logical\Libraries\AsTCP\AsTCP.typ"
    LogicalPath="Libraries.AsTCP.AsTCP.typ"
    Type="File"
    LastWriteTime="133558285520000000"
    Private="false" />
  <Object
    Path="D:\Pachore_Mayuresh_ASDP\Pachore_Mayuresh_Project_1\Pachore_Mayuresh_Project_1\Logical\Libraries\AsTCP\AsTCP.var"
    LogicalPath="Libraries.AsTCP.AsTCP.var"
    Type="File"
    LastWriteTime="133558285520000000"
    Private="false" />
  <Object
    Path="D:\Pachore_Mayuresh_ASDP\Pachore_Mayuresh_Project_1\Pachore_Mayuresh_Project_1\Logical\Libraries\standard\binary.lby"
    LogicalPath="Libraries.standard"
    Type="Library"
    LastWriteTime="133558285540000000" />
  <Object
    Path="D:\Pachore_Mayuresh_ASDP\Pachore_Mayuresh_Project_1\Pachore_Mayuresh_Project_1\Logical\Libraries\standard\standard.fun"
    LogicalPath="Libraries.standard.standard.fun"
    Type="File"
    LastWriteTime="133558285540000000"
    Private="false" />
  <Object
    Path="D:\Pachore_Mayuresh_ASDP\Pachore_Mayuresh_Project_1\Pachore_Mayuresh_Project_1\Logical\Libraries\standard\standard.typ"
    LogicalPath="Libraries.standard.standard.typ"
    Type="File"
    LastWriteTime="133558285540000000"
    Private="false" />
  <Object
    Path="D:\Pachore_Mayuresh_ASDP\Pachore_Mayuresh_Project_1\Pachore_Mayuresh_Project_1\Logical\Libraries\standard\standard.var"
    LogicalPath="Libraries.standard.standard.var"
    Type="File"
    LastWriteTime="133558285540000000"
    Private="false" />
  <Object
    Path="D:\Pachore_Mayuresh_ASDP\Pachore_Mayuresh_Project_1\Pachore_Mayuresh_Project_1\Logical\Libraries\AsArLog\binary.lby"
    LogicalPath="Libraries.AsArLog"
    Type="Library"
    LastWriteTime="133558285540000000" />
  <Object
    Path="D:\Pachore_Mayuresh_ASDP\Pachore_Mayuresh_Project_1\Pachore_Mayuresh_Project_1\Logical\Libraries\AsArLog\AsArLog.fun"
    LogicalPath="Libraries.AsArLog.AsArLog.fun"
    Type="File"
    LastWriteTime="133558285540000000"
    Private="false" />
  <Object
    Path="D:\Pachore_Mayuresh_ASDP\Pachore_Mayuresh_Project_1\Pachore_Mayuresh_Project_1\Logical\Libraries\AsArLog\AsArLog.typ"
    LogicalPath="Libraries.AsArLog.AsArLog.typ"
    Type="File"
    LastWriteTime="133558285540000000"
    Private="false" />
  <Object
    Path="D:\Pachore_Mayuresh_ASDP\Pachore_Mayuresh_Project_1\Pachore_Mayuresh_Project_1\Logical\Libraries\AsArLog\AsArLog.var"
    LogicalPath="Libraries.AsArLog.AsArLog.var"
    Type="File"
    LastWriteTime="133558285540000000"
    Private="false" />
  <Object
    Path="D:\Pachore_Mayuresh_ASDP\Pachore_Mayuresh_Project_1\Pachore_Mayuresh_Project_1\Logical\Libraries\AsBrStr\binary.lby"
    LogicalPath="Libraries.AsBrStr"
    Type="Library"
    LastWriteTime="133558285560000000" />
  <Object
    Path="D:\Pachore_Mayuresh_ASDP\Pachore_Mayuresh_Project_1\Pachore_Mayuresh_Project_1\Logical\Libraries\AsBrStr\AsBrStr.fun"
    LogicalPath="Libraries.AsBrStr.AsBrStr.fun"
    Type="File"
    LastWriteTime="133558285560000000"
    Private="false" />
  <Object
    Path="D:\Pachore_Mayuresh_ASDP\Pachore_Mayuresh_Project_1\Pachore_Mayuresh_Project_1\Logical\Libraries\AsBrStr\AsBrStr.typ"
    LogicalPath="Libraries.AsBrStr.AsBrStr.typ"
    Type="File"
    LastWriteTime="133558285560000000"
    Private="false" />
  <Object
    Path="D:\Pachore_Mayuresh_ASDP\Pachore_Mayuresh_Project_1\Pachore_Mayuresh_Project_1\Logical\Libraries\AsBrStr\AsBrStr.var"
    LogicalPath="Libraries.AsBrStr.AsBrStr.var"
    Type="File"
    LastWriteTime="133558285560000000"
    Private="false" />
  <Object
    Path="D:\Pachore_Mayuresh_ASDP\Pachore_Mayuresh_Project_1\Pachore_Mayuresh_Project_1\Logical\Libraries\MpBase\Binary.lby"
    LogicalPath="Libraries.MpBase"
    Type="Library"
    LastWriteTime="133677079660000000" />
  <Object
    Path="D:\Pachore_Mayuresh_ASDP\Pachore_Mayuresh_Project_1\Pachore_Mayuresh_Project_1\Logical\Libraries\MpBase\MpBase.var"
    LogicalPath="Libraries.MpBase.MpBase.var"
    Type="File"
    LastWriteTime="133677079660000000"
    Private="false" />
  <Object
    Path="D:\Pachore_Mayuresh_ASDP\Pachore_Mayuresh_Project_1\Pachore_Mayuresh_Project_1\Logical\Libraries\MpBase\MpBase.typ"
    LogicalPath="Libraries.MpBase.MpBase.typ"
    Type="File"
    LastWriteTime="133677079660000000"
    Private="false" />
  <Object
    Path="D:\Pachore_Mayuresh_ASDP\Pachore_Mayuresh_Project_1\Pachore_Mayuresh_Project_1\Logical\Libraries\MpBase\MpBase.fun"
    LogicalPath="Libraries.MpBase.MpBase.fun"
    Type="File"
    LastWriteTime="133677079660000000"
    Private="false" />
  <Object
    Path="D:\Pachore_Mayuresh_ASDP\Pachore_Mayuresh_Project_1\Pachore_Mayuresh_Project_1\Logical\Libraries\MpBase\Common_EventLog.tmx"
    LogicalPath="Libraries.MpBase.Common_EventLog.tmx"
    Type="File"
    LastWriteTime="133677079660000000"
    Private="false" />
  <Object
    Path="D:\Pachore_Mayuresh_ASDP\Pachore_Mayuresh_Project_1\Pachore_Mayuresh_Project_1\Logical\Libraries\MpCom\Binary.lby"
    LogicalPath="Libraries.MpCom"
    Type="Library"
    LastWriteTime="133677079660000000" />
  <Object
    Path="D:\Pachore_Mayuresh_ASDP\Pachore_Mayuresh_Project_1\Pachore_Mayuresh_Project_1\Logical\Libraries\MpCom\MpCom.var"
    LogicalPath="Libraries.MpCom.MpCom.var"
    Type="File"
    LastWriteTime="133677079660000000"
    Private="false" />
  <Object
    Path="D:\Pachore_Mayuresh_ASDP\Pachore_Mayuresh_Project_1\Pachore_Mayuresh_Project_1\Logical\Libraries\MpCom\MpCom.typ"
    LogicalPath="Libraries.MpCom.MpCom.typ"
    Type="File"
    LastWriteTime="133677079660000000"
    Private="false" />
  <Object
    Path="D:\Pachore_Mayuresh_ASDP\Pachore_Mayuresh_Project_1\Pachore_Mayuresh_Project_1\Logical\Libraries\MpCom\MpComError.typ"
    LogicalPath="Libraries.MpCom.MpComError.typ"
    Type="File"
    LastWriteTime="133677079660000000"
    Private="false" />
  <Object
    Path="D:\Pachore_Mayuresh_ASDP\Pachore_Mayuresh_Project_1\Pachore_Mayuresh_Project_1\Logical\Libraries\MpCom\MpCom.fun"
    LogicalPath="Libraries.MpCom.MpCom.fun"
    Type="File"
    LastWriteTime="133677079660000000"
    Private="false" />
  <Object
    Path="D:\Pachore_Mayuresh_ASDP\Pachore_Mayuresh_Project_1\Pachore_Mayuresh_Project_1\Logical\Libraries\My_Library\IEC.lby"
    LogicalPath="Libraries.My_Library"
    Type="Library"
    LastWriteTime="133687834188804698" />
  <Object
    Path="D:\Pachore_Mayuresh_ASDP\Pachore_Mayuresh_Project_1\Pachore_Mayuresh_Project_1\Logical\Libraries\My_Library\Types.typ"
    LogicalPath="Libraries.My_Library.Types.typ"
    Type="File"
    LastWriteTime="133687800463662021"
    Private="false" />
  <Object
    Path="D:\Pachore_Mayuresh_ASDP\Pachore_Mayuresh_Project_1\Pachore_Mayuresh_Project_1\Logical\Libraries\My_Library\Constants.var"
    LogicalPath="Libraries.My_Library.Constants.var"
    Type="File"
    LastWriteTime="133687800463662021"
    Private="false" />
  <Object
    Path="D:\Pachore_Mayuresh_ASDP\Pachore_Mayuresh_Project_1\Pachore_Mayuresh_Project_1\Logical\Libraries\My_Library\My_Library.fun"
    LogicalPath="Libraries.My_Library.My_Library.fun"
    Type="File"
    LastWriteTime="133689195008328480"
    Private="false" />
  <Object
    Path="D:\Pachore_Mayuresh_ASDP\Pachore_Mayuresh_Project_1\Pachore_Mayuresh_Project_1\Logical\Libraries\My_Library\FSM_LED.st"
    LogicalPath="Libraries.My_Library.FSM_LED.st"
    Type="File"
    LastWriteTime="133690498089271853"
    Private="false" />
  <Object
    Path="D:\Pachore_Mayuresh_ASDP\Pachore_Mayuresh_Project_1\Pachore_Mayuresh_Project_1\Logical\Libraries\My_Library\FSM_AXIS.st"
    LogicalPath="Libraries.My_Library.FSM_AXIS.st"
    Type="File"
    LastWriteTime="133690497338321002"
    Private="false" />
  <Object
    Path="D:\Pachore_Mayuresh_ASDP\Pachore_Mayuresh_Project_1\Pachore_Mayuresh_Project_1\Logical\Libraries\AsIODiag\binary.lby"
    LogicalPath="Libraries.AsIODiag"
    Type="Library"
    LastWriteTime="133687989785854653" />
  <Object
    Path="D:\Pachore_Mayuresh_ASDP\Pachore_Mayuresh_Project_1\Pachore_Mayuresh_Project_1\Logical\Libraries\AsIODiag\AsIODiag.fun"
    LogicalPath="Libraries.AsIODiag.AsIODiag.fun"
    Type="File"
    LastWriteTime="133687989785754551"
    Private="false" />
  <Object
    Path="D:\Pachore_Mayuresh_ASDP\Pachore_Mayuresh_Project_1\Pachore_Mayuresh_Project_1\Logical\Libraries\AsIODiag\AsIODiag.typ"
    LogicalPath="Libraries.AsIODiag.AsIODiag.typ"
    Type="File"
    LastWriteTime="133687989785784822"
    Private="false" />
  <Object
    Path="D:\Pachore_Mayuresh_ASDP\Pachore_Mayuresh_Project_1\Pachore_Mayuresh_Project_1\Logical\Libraries\AsIODiag\AsIODiag.var"
    LogicalPath="Libraries.AsIODiag.AsIODiag.var"
    Type="File"
    LastWriteTime="133687989785794443"
    Private="false" />
  <Object
    Path="D:\Pachore_Mayuresh_ASDP\Pachore_Mayuresh_Project_1\Pachore_Mayuresh_Project_1\Logical\acp10etxen\Ett.dob"
    LogicalPath="acp10etxen"
    Type="DataObject"
    LastWriteTime="133541095880000000" />
  <Object
    Path="D:\Pachore_Mayuresh_ASDP\Pachore_Mayuresh_Project_1\Pachore_Mayuresh_Project_1\Logical\acp10etxen\acp10etxen.ett"
    LogicalPath="acp10etxen.acp10etxen.ett"
    Type="File"
    LastWriteTime="133541095900000000"
    Private="false" />
  <Object
    Path="D:\Pachore_Mayuresh_ASDP\Pachore_Mayuresh_Project_1\Pachore_Mayuresh_Project_1\Logical\gAxis01obj\Package.pkg"
    LogicalPath="gAxis01obj"
    Type="Package"
    LastWriteTime="133541095940000000" />
  <Object
    Path="D:\Pachore_Mayuresh_ASDP\Pachore_Mayuresh_Project_1\Pachore_Mayuresh_Project_1\Logical\gAxis01obj\gAxis01a\Apt.dob"
    LogicalPath="gAxis01obj.gAxis01a"
    Type="DataObject"
    LastWriteTime="133541095940000000" />
  <Object
    Path="D:\Pachore_Mayuresh_ASDP\Pachore_Mayuresh_Project_1\Pachore_Mayuresh_Project_1\Logical\gAxis01obj\gAxis01a\gAxis01a.apt"
    LogicalPath="gAxis01obj.gAxis01a.gAxis01a.apt"
    Type="File"
    LastWriteTime="133541095940000000"
    Private="false" />
  <Object
    Path="D:\Pachore_Mayuresh_ASDP\Pachore_Mayuresh_Project_1\Pachore_Mayuresh_Project_1\Logical\gAxis01obj\gAxis01i\Ax.dob"
    LogicalPath="gAxis01obj.gAxis01i"
    Type="DataObject"
    LastWriteTime="133541095940000000" />
  <Object
    Path="D:\Pachore_Mayuresh_ASDP\Pachore_Mayuresh_Project_1\Pachore_Mayuresh_Project_1\Logical\gAxis01obj\gAxis01i\gAxis01i.ax"
    LogicalPath="gAxis01obj.gAxis01i.gAxis01i.ax"
    Type="File"
    LastWriteTime="133547141840000000"
    Private="false" />
  <Object
    Path="D:\Pachore_Mayuresh_ASDP\Pachore_Mayuresh_Project_1\Pachore_Mayuresh_Project_1\Logical\gAxis02obj\Package.pkg"
    LogicalPath="gAxis02obj"
    Type="Package"
    LastWriteTime="133541095940000000" />
  <Object
    Path="D:\Pachore_Mayuresh_ASDP\Pachore_Mayuresh_Project_1\Pachore_Mayuresh_Project_1\Logical\gAxis02obj\gAxis02a\Apt.dob"
    LogicalPath="gAxis02obj.gAxis02a"
    Type="DataObject"
    LastWriteTime="133541095940000000" />
  <Object
    Path="D:\Pachore_Mayuresh_ASDP\Pachore_Mayuresh_Project_1\Pachore_Mayuresh_Project_1\Logical\gAxis02obj\gAxis02a\gAxis02a.apt"
    LogicalPath="gAxis02obj.gAxis02a.gAxis02a.apt"
    Type="File"
    LastWriteTime="133541095940000000"
    Private="false" />
  <Object
    Path="D:\Pachore_Mayuresh_ASDP\Pachore_Mayuresh_Project_1\Pachore_Mayuresh_Project_1\Logical\gAxis02obj\gAxis02i\Ax.dob"
    LogicalPath="gAxis02obj.gAxis02i"
    Type="DataObject"
    LastWriteTime="133541095940000000" />
  <Object
    Path="D:\Pachore_Mayuresh_ASDP\Pachore_Mayuresh_Project_1\Pachore_Mayuresh_Project_1\Logical\gAxis02obj\gAxis02i\gAxis02i.ax"
    LogicalPath="gAxis02obj.gAxis02i.gAxis02i.ax"
    Type="File"
    LastWriteTime="133547142440000000"
    Private="false" />
  <Object
    Path="D:\Pachore_Mayuresh_ASDP\Pachore_Mayuresh_Project_1\Pachore_Mayuresh_Project_1\Logical\PLCopen\IEC.prg"
    LogicalPath="PLCopen"
    Type="Program"
    LastWriteTime="133558323700000000" />
  <Object
    Path="D:\Pachore_Mayuresh_ASDP\Pachore_Mayuresh_Project_1\Pachore_Mayuresh_Project_1\Logical\PLCopen\Main.st"
    LogicalPath="PLCopen.Main.st"
    Type="File"
    LastWriteTime="133558342920000000"
    Private="false" />
  <Object
    Path="D:\Pachore_Mayuresh_ASDP\Pachore_Mayuresh_Project_1\Pachore_Mayuresh_Project_1\Logical\PLCopen\Types.typ"
    LogicalPath="PLCopen.Types.typ"
    Type="File"
    LastWriteTime="133558323700000000"
    Private="true" />
  <Object
    Path="D:\Pachore_Mayuresh_ASDP\Pachore_Mayuresh_Project_1\Pachore_Mayuresh_Project_1\Logical\PLCopen\Variables.var"
    LogicalPath="PLCopen.Variables.var"
    Type="File"
    LastWriteTime="133558342920000000"
    Private="true" />
  <Object
    Path="D:\Pachore_Mayuresh_ASDP\Pachore_Mayuresh_Project_1\Pachore_Mayuresh_Project_1\Logical\MyCam\Cam.dob"
    LogicalPath="MyCam"
    Type="DataObject"
    LastWriteTime="133559165360000000" />
  <Object
    Path="D:\Pachore_Mayuresh_ASDP\Pachore_Mayuresh_Project_1\Pachore_Mayuresh_Project_1\Logical\MyCam\Cam.cam"
    LogicalPath="MyCam.Cam.cam"
    Type="File"
    LastWriteTime="133676985200000000"
    Private="false" />
  <Object
    Path="D:\Pachore_Mayuresh_ASDP\Pachore_Mayuresh_Project_1\Pachore_Mayuresh_Project_1\Logical\MyCamBis\Cam.dob"
    LogicalPath="MyCamBis"
    Type="DataObject"
    LastWriteTime="133559170620000000" />
  <Object
    Path="D:\Pachore_Mayuresh_ASDP\Pachore_Mayuresh_Project_1\Pachore_Mayuresh_Project_1\Logical\MyCamBis\Cam.cam"
    LogicalPath="MyCamBis.Cam.cam"
    Type="File"
    LastWriteTime="133676985140000000"
    Private="false" />
  <Object
    Path="D:\Pachore_Mayuresh_ASDP\Pachore_Mayuresh_Project_1\Pachore_Mayuresh_Project_1\Logical\mappView\Package.pkg"
    LogicalPath="mappView"
    Type="Package"
    LastWriteTime="133677081760000000" />
  <Object
    Path="D:\Pachore_Mayuresh_ASDP\Pachore_Mayuresh_Project_1\Pachore_Mayuresh_Project_1\Logical\mappView\Layouts\Package.pkg"
    LogicalPath="mappView.Layouts"
    Type="Package"
    LastWriteTime="133677083320000000" />
  <Object
    Path="D:\Pachore_Mayuresh_ASDP\Pachore_Mayuresh_Project_1\Pachore_Mayuresh_Project_1\Logical\mappView\Layouts\Mylayout.layout"
    LogicalPath="mappView.Layouts.Mylayout.layout"
    Type="File"
    LastWriteTime="133677089700000000"
    Private="false" />
  <Object
    Path="D:\Pachore_Mayuresh_ASDP\Pachore_Mayuresh_Project_1\Pachore_Mayuresh_Project_1\Logical\mappView\Widgets\Package.pkg"
    LogicalPath="mappView.Widgets"
    Type="Package"
    LastWriteTime="133677079980000000" />
  <Object
    Path="D:\Pachore_Mayuresh_ASDP\Pachore_Mayuresh_Project_1\Pachore_Mayuresh_Project_1\Logical\mappView\Resources\Package.pkg"
    LogicalPath="mappView.Resources"
    Type="Package"
    LastWriteTime="133677079980000000" />
  <Object
    Path="D:\Pachore_Mayuresh_ASDP\Pachore_Mayuresh_Project_1\Pachore_Mayuresh_Project_1\Logical\mappView\Resources\Texts\Package.pkg"
    LogicalPath="mappView.Resources.Texts"
    Type="Package"
    LastWriteTime="133677079980000000" />
  <Object
    Path="D:\Pachore_Mayuresh_ASDP\Pachore_Mayuresh_Project_1\Pachore_Mayuresh_Project_1\Logical\mappView\Resources\Snippets\Package.pkg"
    LogicalPath="mappView.Resources.Snippets"
    Type="Package"
    LastWriteTime="133677079980000000" />
  <Object
    Path="D:\Pachore_Mayuresh_ASDP\Pachore_Mayuresh_Project_1\Pachore_Mayuresh_Project_1\Logical\mappView\Resources\Themes\Package.pkg"
    LogicalPath="mappView.Resources.Themes"
    Type="Package"
    LastWriteTime="133687821526080310" />
  <Object
    Path="D:\Pachore_Mayuresh_ASDP\Pachore_Mayuresh_Project_1\Pachore_Mayuresh_Project_1\Logical\mappView\Resources\Media\Package.pkg"
    LogicalPath="mappView.Resources.Media"
    Type="Package"
    LastWriteTime="133677079980000000" />
  <Object
    Path="D:\Pachore_Mayuresh_ASDP\Pachore_Mayuresh_Project_1\Pachore_Mayuresh_Project_1\Logical\mappView\Visualization\Package.pkg"
    LogicalPath="mappView.Visualization"
    Type="Package"
    LastWriteTime="133677081760000000" />
  <Object
    Path="D:\Pachore_Mayuresh_ASDP\Pachore_Mayuresh_Project_1\Pachore_Mayuresh_Project_1\Logical\mappView\Visualization\Pages\Package.pkg"
    LogicalPath="mappView.Visualization.Pages"
    Type="Package"
    LastWriteTime="133678248760000000" />
  <Object
    Path="D:\Pachore_Mayuresh_ASDP\Pachore_Mayuresh_Project_1\Pachore_Mayuresh_Project_1\Logical\mappView\Visualization\Pages\AreaContents\Package.pkg"
    LogicalPath="mappView.Visualization.Pages.AreaContents"
    Type="Package"
    LastWriteTime="133677086700000000" />
  <Object
    Path="D:\Pachore_Mayuresh_ASDP\Pachore_Mayuresh_Project_1\Pachore_Mayuresh_Project_1\Logical\mappView\Visualization\Pages\AreaContents\ContentTop.content"
    LogicalPath="mappView.Visualization.Pages.AreaContents.ContentTop.content"
    Type="File"
    LastWriteTime="133687807549618910"
    Private="false" />
  <Object
    Path="D:\Pachore_Mayuresh_ASDP\Pachore_Mayuresh_Project_1\Pachore_Mayuresh_Project_1\Logical\mappView\Visualization\Pages\AreaContents\ContentLeft.content"
    LogicalPath="mappView.Visualization.Pages.AreaContents.ContentLeft.content"
    Type="File"
    LastWriteTime="133679072320000000"
    Private="false" />
  <Object
    Path="D:\Pachore_Mayuresh_ASDP\Pachore_Mayuresh_Project_1\Pachore_Mayuresh_Project_1\Logical\mappView\Visualization\Pages\Operatepage\Package.pkg"
    LogicalPath="mappView.Visualization.Pages.Operatepage"
    Type="Package"
    LastWriteTime="133678247580000000" />
  <Object
    Path="D:\Pachore_Mayuresh_ASDP\Pachore_Mayuresh_Project_1\Pachore_Mayuresh_Project_1\Logical\mappView\Visualization\Pages\Operatepage\Operatepage.page"
    LogicalPath="mappView.Visualization.Pages.Operatepage.Operatepage.page"
    Type="File"
    LastWriteTime="133678297060000000"
    Private="false" />
  <Object
    Path="D:\Pachore_Mayuresh_ASDP\Pachore_Mayuresh_Project_1\Pachore_Mayuresh_Project_1\Logical\mappView\Visualization\Pages\Operatepage\ContentOperate.content"
    LogicalPath="mappView.Visualization.Pages.Operatepage.ContentOperate.content"
    Type="File"
    LastWriteTime="133709834172290651"
    Private="false" />
  <Object
    Path="D:\Pachore_Mayuresh_ASDP\Pachore_Mayuresh_Project_1\Pachore_Mayuresh_Project_1\Logical\mappView\Visualization\Pages\Manualpage\Package.pkg"
    LogicalPath="mappView.Visualization.Pages.Manualpage"
    Type="Package"
    LastWriteTime="133678249680000000" />
  <Object
    Path="D:\Pachore_Mayuresh_ASDP\Pachore_Mayuresh_Project_1\Pachore_Mayuresh_Project_1\Logical\mappView\Visualization\Pages\Manualpage\Manualpage.page"
    LogicalPath="mappView.Visualization.Pages.Manualpage.Manualpage.page"
    Type="File"
    LastWriteTime="133678297040000000"
    Private="false" />
  <Object
    Path="D:\Pachore_Mayuresh_ASDP\Pachore_Mayuresh_Project_1\Pachore_Mayuresh_Project_1\Logical\mappView\Visualization\Pages\Manualpage\ContentManual.content"
    LogicalPath="mappView.Visualization.Pages.Manualpage.ContentManual.content"
    Type="File"
    LastWriteTime="133689721551642232"
    Private="false" />
  <Object
    Path="D:\Pachore_Mayuresh_ASDP\Pachore_Mayuresh_Project_1\Pachore_Mayuresh_Project_1\Logical\mappView\Visualization\Pages\Advancepage\Package.pkg"
    LogicalPath="mappView.Visualization.Pages.Advancepage"
    Type="Package"
    LastWriteTime="133678249380000000" />
  <Object
    Path="D:\Pachore_Mayuresh_ASDP\Pachore_Mayuresh_Project_1\Pachore_Mayuresh_Project_1\Logical\mappView\Visualization\Pages\Advancepage\Advancepage.page"
    LogicalPath="mappView.Visualization.Pages.Advancepage.Advancepage.page"
    Type="File"
    LastWriteTime="133678297040000000"
    Private="false" />
  <Object
    Path="D:\Pachore_Mayuresh_ASDP\Pachore_Mayuresh_Project_1\Pachore_Mayuresh_Project_1\Logical\mappView\Visualization\Pages\Advancepage\ContentAdvance.content"
    LogicalPath="mappView.Visualization.Pages.Advancepage.ContentAdvance.content"
    Type="File"
    LastWriteTime="133679412820000000"
    Private="false" />
  <Object
    Path="D:\Pachore_Mayuresh_ASDP\Pachore_Mayuresh_Project_1\Pachore_Mayuresh_Project_1\Logical\mappView\Visualization\Variables\Package.pkg"
    LogicalPath="mappView.Visualization.Variables"
    Type="Package"
    LastWriteTime="133677081760000000" />
  <Object
    Path="D:\Pachore_Mayuresh_ASDP\Pachore_Mayuresh_Project_1\Pachore_Mayuresh_Project_1\Logical\mappView\Visualization\Expressions\Package.pkg"
    LogicalPath="mappView.Visualization.Expressions"
    Type="Package"
    LastWriteTime="133677081760000000" />
  <Object
    Path="D:\Pachore_Mayuresh_ASDP\Pachore_Mayuresh_Project_1\Pachore_Mayuresh_Project_1\Logical\mappView\Visualization\Layouts\Package.pkg"
    LogicalPath="mappView.Visualization.Layouts"
    Type="Package"
    LastWriteTime="133677081760000000" />
  <Object
    Path="D:\Pachore_Mayuresh_ASDP\Pachore_Mayuresh_Project_1\Pachore_Mayuresh_Project_1\Logical\mappView\Visualization\Dialogs\Package.pkg"
    LogicalPath="mappView.Visualization.Dialogs"
    Type="Package"
    LastWriteTime="133677081760000000" />
  <Object
    Path="D:\Pachore_Mayuresh_ASDP\Pachore_Mayuresh_Project_1\Pachore_Mayuresh_Project_1\Logical\mappView\Visualization\Dialogs\AreaContents\Package.pkg"
    LogicalPath="mappView.Visualization.Dialogs.AreaContents"
    Type="Package"
    LastWriteTime="133677081760000000" />
  <Object
    Path="D:\Pachore_Mayuresh_ASDP\Pachore_Mayuresh_Project_1\Pachore_Mayuresh_Project_1\Logical\mappView\Visualization\Resources\Package.pkg"
    LogicalPath="mappView.Visualization.Resources"
    Type="Package"
    LastWriteTime="133677081760000000" />
  <Object
    Path="D:\Pachore_Mayuresh_ASDP\Pachore_Mayuresh_Project_1\Pachore_Mayuresh_Project_1\Logical\mappView\Visualization\Resources\Texts\Package.pkg"
    LogicalPath="mappView.Visualization.Resources.Texts"
    Type="Package"
    LastWriteTime="133677081760000000" />
  <Object
    Path="D:\Pachore_Mayuresh_ASDP\Pachore_Mayuresh_Project_1\Pachore_Mayuresh_Project_1\Logical\mappView\Visualization\Resources\Snippets\Package.pkg"
    LogicalPath="mappView.Visualization.Resources.Snippets"
    Type="Package"
    LastWriteTime="133677081760000000" />
  <Object
    Path="D:\Pachore_Mayuresh_ASDP\Pachore_Mayuresh_Project_1\Pachore_Mayuresh_Project_1\Logical\Project.language"
    LogicalPath="Project.language"
    Type="File"
    LastWriteTime="133677633320000000"
    Private="false" />
  <Object
    Path="D:\Pachore_Mayuresh_ASDP\Pachore_Mayuresh_Project_1\Pachore_Mayuresh_Project_1\Logical\LocalizableTexts.tmx"
    LogicalPath="LocalizableTexts.tmx"
    Type="File"
    LastWriteTime="133697050416205074"
    Private="false" />
  <Object
    Path="D:\Pachore_Mayuresh_ASDP\Pachore_Mayuresh_Project_1\Pachore_Mayuresh_Project_1\Logical\Master\IEC.prg"
    LogicalPath="Master"
    Type="Program"
    LastWriteTime="133687994632523377" />
  <Object
    Path="D:\Pachore_Mayuresh_ASDP\Pachore_Mayuresh_Project_1\Pachore_Mayuresh_Project_1\Logical\Master\Main.st"
    LogicalPath="Master.Main.st"
    Type="File"
    LastWriteTime="133723694209177276"
    Private="false" />
  <Object
    Path="D:\Pachore_Mayuresh_ASDP\Pachore_Mayuresh_Project_1\Pachore_Mayuresh_Project_1\Logical\Master\Types.typ"
    LogicalPath="Master.Types.typ"
    Type="File"
    LastWriteTime="133687990047781096"
    Private="true" />
  <Object
    Path="D:\Pachore_Mayuresh_ASDP\Pachore_Mayuresh_Project_1\Pachore_Mayuresh_Project_1\Logical\Master\Variables.var"
    LogicalPath="Master.Variables.var"
    Type="File"
    LastWriteTime="133689763768374680"
    Private="true" />
  <Object
    Path="D:\Pachore_Mayuresh_ASDP\Pachore_Mayuresh_Project_1\Pachore_Mayuresh_Project_1\Logical\Slave\IEC.prg"
    LogicalPath="Slave"
    Type="Program"
    LastWriteTime="133687996762884215" />
  <Object
    Path="D:\Pachore_Mayuresh_ASDP\Pachore_Mayuresh_Project_1\Pachore_Mayuresh_Project_1\Logical\Slave\Main.st"
    LogicalPath="Slave.Main.st"
    Type="File"
    LastWriteTime="133709834029354033"
    Private="false" />
  <Object
    Path="D:\Pachore_Mayuresh_ASDP\Pachore_Mayuresh_Project_1\Pachore_Mayuresh_Project_1\Logical\Slave\Types.typ"
    LogicalPath="Slave.Types.typ"
    Type="File"
    LastWriteTime="133687990087887807"
    Private="true" />
  <Object
    Path="D:\Pachore_Mayuresh_ASDP\Pachore_Mayuresh_Project_1\Pachore_Mayuresh_Project_1\Logical\Slave\Variables.var"
    LogicalPath="Slave.Variables.var"
    Type="File"
    LastWriteTime="133689763827073104"
    Private="true" />
  <Object
    Path="D:\Pachore_Mayuresh_ASDP\Pachore_Mayuresh_Project_1\Pachore_Mayuresh_Project_1\Logical\LED_IO\IEC.prg"
    LogicalPath="LED_IO"
    Type="Program"
    LastWriteTime="133687990847103417" />
  <Object
    Path="D:\Pachore_Mayuresh_ASDP\Pachore_Mayuresh_Project_1\Pachore_Mayuresh_Project_1\Logical\LED_IO\Main.st"
    LogicalPath="LED_IO.Main.st"
    Type="File"
    LastWriteTime="133731032230166228"
    Private="false" />
  <Object
    Path="D:\Pachore_Mayuresh_ASDP\Pachore_Mayuresh_Project_1\Pachore_Mayuresh_Project_1\Logical\LED_IO\Types.typ"
    LogicalPath="LED_IO.Types.typ"
    Type="File"
    LastWriteTime="133687990097877662"
    Private="true" />
  <Object
    Path="D:\Pachore_Mayuresh_ASDP\Pachore_Mayuresh_Project_1\Pachore_Mayuresh_Project_1\Logical\LED_IO\Variables.var"
    LogicalPath="LED_IO.Variables.var"
    Type="File"
    LastWriteTime="133687994148358045"
    Private="true" />
  <Object
    Path="D:\Pachore_Mayuresh_ASDP\Pachore_Mayuresh_Project_1\Pachore_Mayuresh_Project_1\Logical\Input_Bridge\IEC.prg"
    LogicalPath="Input_Bridge"
    Type="Program"
    LastWriteTime="133687998144806670" />
  <Object
    Path="D:\Pachore_Mayuresh_ASDP\Pachore_Mayuresh_Project_1\Pachore_Mayuresh_Project_1\Logical\Input_Bridge\Main.st"
    LogicalPath="Input_Bridge.Main.st"
    Type="File"
    LastWriteTime="133731237805291982"
    Private="false" />
  <Object
    Path="D:\Pachore_Mayuresh_ASDP\Pachore_Mayuresh_Project_1\Pachore_Mayuresh_Project_1\Logical\Input_Bridge\Types.typ"
    LogicalPath="Input_Bridge.Types.typ"
    Type="File"
    LastWriteTime="133687990117472878"
    Private="true" />
  <Object
    Path="D:\Pachore_Mayuresh_ASDP\Pachore_Mayuresh_Project_1\Pachore_Mayuresh_Project_1\Logical\Input_Bridge\Variables.var"
    LogicalPath="Input_Bridge.Variables.var"
    Type="File"
    LastWriteTime="133687990117482696"
    Private="true" />
  <Object
    Path="D:\Pachore_Mayuresh_ASDP\Pachore_Mayuresh_Project_1\Pachore_Mayuresh_Project_1\Logical\Output_Bridge\IEC.prg"
    LogicalPath="Output_Bridge"
    Type="Program"
    LastWriteTime="133687998532205189" />
  <Object
    Path="D:\Pachore_Mayuresh_ASDP\Pachore_Mayuresh_Project_1\Pachore_Mayuresh_Project_1\Logical\Output_Bridge\Main.st"
    LogicalPath="Output_Bridge.Main.st"
    Type="File"
    LastWriteTime="133703488944197040"
    Private="false" />
  <Object
    Path="D:\Pachore_Mayuresh_ASDP\Pachore_Mayuresh_Project_1\Pachore_Mayuresh_Project_1\Logical\Output_Bridge\Types.typ"
    LogicalPath="Output_Bridge.Types.typ"
    Type="File"
    LastWriteTime="133687990134062757"
    Private="true" />
  <Object
    Path="D:\Pachore_Mayuresh_ASDP\Pachore_Mayuresh_Project_1\Pachore_Mayuresh_Project_1\Logical\Output_Bridge\Variables.var"
    LogicalPath="Output_Bridge.Variables.var"
    Type="File"
    LastWriteTime="133687990134062757"
    Private="true" />
  <Object
    Path="D:\Pachore_Mayuresh_ASDP\Pachore_Mayuresh_Project_1\Pachore_Mayuresh_Project_1\Physical\Config1\Config.pkg"
    LogicalPath="Config1"
    Type="Configuration.ParentUnknown"
    LastWriteTime="133541019220000000" />
  <Object
    Path="D:\Pachore_Mayuresh_ASDP\Pachore_Mayuresh_Project_1\Pachore_Mayuresh_Project_1\Physical\Config1\Hardware.hw"
    LogicalPath="Config1.Hardware.hw"
    Type="File"
    LastWriteTime="133894803345354753"
    Private="false" />
  <Object
    Path="D:\Pachore_Mayuresh_ASDP\Pachore_Mayuresh_Project_1\Pachore_Mayuresh_Project_1\Physical\Config1\Hardware.hwl"
    LogicalPath="Config1.Hardware.hwl"
    Type="File"
    LastWriteTime="133547074980000000"
    Private="false" />
  <Object
    Path="D:\Pachore_Mayuresh_ASDP\Pachore_Mayuresh_Project_1\Pachore_Mayuresh_Project_1\Physical\Config1\X20CP1382\Cpu.pkg"
    LogicalPath="Config1.X20CP1382"
    Type="Cpu"
    LastWriteTime="133861384189485695" />
  <Object
    Path="D:\Pachore_Mayuresh_ASDP\Pachore_Mayuresh_Project_1\Pachore_Mayuresh_Project_1\Physical\Config1\X20CP1382\Cpu.sw"
    LogicalPath="Config1.X20CP1382.Cpu.sw"
    Type="File"
    LastWriteTime="133689651593996529"
    Private="false" />
  <Object
    Path="D:\Pachore_Mayuresh_ASDP\Pachore_Mayuresh_Project_1\Pachore_Mayuresh_Project_1\Physical\Config1\X20CP1382\Cpu.per"
    LogicalPath="Config1.X20CP1382.Cpu.per"
    Type="File"
    LastWriteTime="133541019180000000"
    Private="false" />
  <Object
    Path="D:\Pachore_Mayuresh_ASDP\Pachore_Mayuresh_Project_1\Pachore_Mayuresh_Project_1\Physical\Config1\X20CP1382\IoMap.iom"
    LogicalPath="Config1.X20CP1382.IoMap.iom"
    Type="File"
    LastWriteTime="133687831254034189"
    Private="false" />
  <Object
    Path="D:\Pachore_Mayuresh_ASDP\Pachore_Mayuresh_Project_1\Pachore_Mayuresh_Project_1\Physical\Config1\X20CP1382\PvMap.vvm"
    LogicalPath="Config1.X20CP1382.PvMap.vvm"
    Type="File"
    LastWriteTime="133541019180000000"
    Private="false" />
  <Object
    Path="D:\Pachore_Mayuresh_ASDP\Pachore_Mayuresh_Project_1\Pachore_Mayuresh_Project_1\Physical\Config1\X20CP1382\Connectivity\Package.pkg"
    LogicalPath="Config1.X20CP1382.Connectivity"
    Type="Package"
    LastWriteTime="133541019200000000" />
  <Object
    Path="D:\Pachore_Mayuresh_ASDP\Pachore_Mayuresh_Project_1\Pachore_Mayuresh_Project_1\Physical\Config1\X20CP1382\Connectivity\OpcUA\Package.pkg"
    LogicalPath="Config1.X20CP1382.Connectivity.OpcUA"
    Type="Package"
    LastWriteTime="133570278460000000" />
  <Object
    Path="D:\Pachore_Mayuresh_ASDP\Pachore_Mayuresh_Project_1\Pachore_Mayuresh_Project_1\Physical\Config1\X20CP1382\Connectivity\OpcUA\OpcUaMap.uad"
    LogicalPath="Config1.X20CP1382.Connectivity.OpcUA.OpcUaMap.uad"
    Type="File"
    LastWriteTime="133690109212809025"
    Private="false" />
  <Object
    Path="D:\Pachore_Mayuresh_ASDP\Pachore_Mayuresh_Project_1\Pachore_Mayuresh_Project_1\Physical\Config1\X20CP1382\TextSystem\Package.pkg"
    LogicalPath="Config1.X20CP1382.TextSystem"
    Type="Package"
    LastWriteTime="133677636600000000" />
  <Object
    Path="D:\Pachore_Mayuresh_ASDP\Pachore_Mayuresh_Project_1\Pachore_Mayuresh_Project_1\Physical\Config1\X20CP1382\TextSystem\TC.textconfig"
    LogicalPath="Config1.X20CP1382.TextSystem.TC.textconfig"
    Type="File"
    LastWriteTime="133677815020000000"
    Private="false" />
  <Object
    Path="D:\Pachore_Mayuresh_ASDP\Pachore_Mayuresh_Project_1\Pachore_Mayuresh_Project_1\Physical\Config1\X20CP1382\UnitSystem\Package.pkg"
    LogicalPath="Config1.X20CP1382.UnitSystem"
    Type="Package"
    LastWriteTime="133541019200000000" />
  <Object
    Path="D:\Pachore_Mayuresh_ASDP\Pachore_Mayuresh_Project_1\Pachore_Mayuresh_Project_1\Physical\Config1\X20CP1382\AccessAndSecurity\Package.pkg"
    LogicalPath="Config1.X20CP1382.AccessAndSecurity"
    Type="Package"
    LastWriteTime="133541019200000000" />
  <Object
    Path="D:\Pachore_Mayuresh_ASDP\Pachore_Mayuresh_Project_1\Pachore_Mayuresh_Project_1\Physical\Config1\X20CP1382\AccessAndSecurity\UserRoleSystem\Package.pkg"
    LogicalPath="Config1.X20CP1382.AccessAndSecurity.UserRoleSystem"
    Type="Package"
    LastWriteTime="133541019200000000" />
  <Object
    Path="D:\Pachore_Mayuresh_ASDP\Pachore_Mayuresh_Project_1\Pachore_Mayuresh_Project_1\Physical\Config1\X20CP1382\AccessAndSecurity\UserRoleSystem\Role.role"
    LogicalPath="Config1.X20CP1382.AccessAndSecurity.UserRoleSystem.Role.role"
    Type="File"
    LastWriteTime="133541019200000000"
    Private="false" />
  <Object
    Path="D:\Pachore_Mayuresh_ASDP\Pachore_Mayuresh_Project_1\Pachore_Mayuresh_Project_1\Physical\Config1\X20CP1382\AccessAndSecurity\UserRoleSystem\User.user"
    LogicalPath="Config1.X20CP1382.AccessAndSecurity.UserRoleSystem.User.user"
    Type="File"
    LastWriteTime="133541019200000000"
    Private="false" />
  <Object
    Path="D:\Pachore_Mayuresh_ASDP\Pachore_Mayuresh_Project_1\Pachore_Mayuresh_Project_1\Physical\Config1\X20CP1382\AccessAndSecurity\CertificateStore\Package.pkg"
    LogicalPath="Config1.X20CP1382.AccessAndSecurity.CertificateStore"
    Type="Package"
    LastWriteTime="133541019200000000" />
  <Object
    Path="D:\Pachore_Mayuresh_ASDP\Pachore_Mayuresh_Project_1\Pachore_Mayuresh_Project_1\Physical\Config1\X20CP1382\AccessAndSecurity\CertificateStore\OwnCertificates\Package.pkg"
    LogicalPath="Config1.X20CP1382.AccessAndSecurity.CertificateStore.OwnCertificates"
    Type="Package"
    LastWriteTime="133541019200000000" />
  <Object
    Path="D:\Pachore_Mayuresh_ASDP\Pachore_Mayuresh_Project_1\Pachore_Mayuresh_Project_1\Physical\Config1\X20CP1382\AccessAndSecurity\CertificateStore\OwnCertificates\Certificates\Package.pkg"
    LogicalPath="Config1.X20CP1382.AccessAndSecurity.CertificateStore.OwnCertificates.Certificates"
    Type="Package"
    LastWriteTime="133541019200000000" />
  <Object
    Path="D:\Pachore_Mayuresh_ASDP\Pachore_Mayuresh_Project_1\Pachore_Mayuresh_Project_1\Physical\Config1\X20CP1382\AccessAndSecurity\CertificateStore\OwnCertificates\PrivateKeys\Package.pkg"
    LogicalPath="Config1.X20CP1382.AccessAndSecurity.CertificateStore.OwnCertificates.PrivateKeys"
    Type="Package"
    LastWriteTime="133541019200000000" />
  <Object
    Path="D:\Pachore_Mayuresh_ASDP\Pachore_Mayuresh_Project_1\Pachore_Mayuresh_Project_1\Physical\Config1\X20CP1382\AccessAndSecurity\CertificateStore\ThirdPartyCertificates\Package.pkg"
    LogicalPath="Config1.X20CP1382.AccessAndSecurity.CertificateStore.ThirdPartyCertificates"
    Type="Package"
    LastWriteTime="133541019200000000" />
  <Object
    Path="D:\Pachore_Mayuresh_ASDP\Pachore_Mayuresh_Project_1\Pachore_Mayuresh_Project_1\Physical\Config1\X20CP1382\AccessAndSecurity\CertificateStore\ThirdPartyCertificates\SoftwareCertificates\Package.pkg"
    LogicalPath="Config1.X20CP1382.AccessAndSecurity.CertificateStore.ThirdPartyCertificates.SoftwareCertificates"
    Type="Package"
    LastWriteTime="133541019200000000" />
  <Object
    Path="D:\Pachore_Mayuresh_ASDP\Pachore_Mayuresh_Project_1\Pachore_Mayuresh_Project_1\Physical\Config1\X20CP1382\AccessAndSecurity\CertificateStore\CertificateRevocationLists\Package.pkg"
    LogicalPath="Config1.X20CP1382.AccessAndSecurity.CertificateStore.CertificateRevocationLists"
    Type="Package"
    LastWriteTime="133541019200000000" />
  <Object
    Path="D:\Pachore_Mayuresh_ASDP\Pachore_Mayuresh_Project_1\Pachore_Mayuresh_Project_1\Physical\Config1\X20CP1382\AccessAndSecurity\CertificateStore\CertificateSigningRequests\Package.pkg"
    LogicalPath="Config1.X20CP1382.AccessAndSecurity.CertificateStore.CertificateSigningRequests"
    Type="Package"
    LastWriteTime="133541019200000000" />
  <Object
    Path="D:\Pachore_Mayuresh_ASDP\Pachore_Mayuresh_Project_1\Pachore_Mayuresh_Project_1\Physical\Config1\X20CP1382\AccessAndSecurity\TransportLayerSecurity\Package.pkg"
    LogicalPath="Config1.X20CP1382.AccessAndSecurity.TransportLayerSecurity"
    Type="Package"
    LastWriteTime="133541019200000000" />
  <Object
    Path="D:\Pachore_Mayuresh_ASDP\Pachore_Mayuresh_Project_1\Pachore_Mayuresh_Project_1\Physical\Config1\X20CP1382\AccessAndSecurity\Firewall\Package.pkg"
    LogicalPath="Config1.X20CP1382.AccessAndSecurity.Firewall"
    Type="Package"
    LastWriteTime="133541019200000000" />
  <Object
    Path="D:\Pachore_Mayuresh_ASDP\Pachore_Mayuresh_Project_1\Pachore_Mayuresh_Project_1\Physical\Config1\X20CP1382\AccessAndSecurity\Firewall\Rules.firewallRules"
    LogicalPath="Config1.X20CP1382.AccessAndSecurity.Firewall.Rules.firewallRules"
    Type="File"
    LastWriteTime="133541019200000000"
    Private="false" />
  <Object
    Path="D:\Pachore_Mayuresh_ASDP\Pachore_Mayuresh_Project_1\Pachore_Mayuresh_Project_1\Physical\Config1\X20CP1382\mappControl\Package.pkg"
    LogicalPath="Config1.X20CP1382.mappControl"
    Type="Package"
    LastWriteTime="133541019200000000" />
  <Object
    Path="D:\Pachore_Mayuresh_ASDP\Pachore_Mayuresh_Project_1\Pachore_Mayuresh_Project_1\Physical\Config1\X20CP1382\mappMotion\Package.pkg"
    LogicalPath="Config1.X20CP1382.mappMotion"
    Type="Package"
    LastWriteTime="133541019200000000" />
  <Object
    Path="D:\Pachore_Mayuresh_ASDP\Pachore_Mayuresh_Project_1\Pachore_Mayuresh_Project_1\Physical\Config1\X20CP1382\mappServices\Package.pkg"
    LogicalPath="Config1.X20CP1382.mappServices"
    Type="Package"
    LastWriteTime="133541019200000000" />
  <Object
    Path="D:\Pachore_Mayuresh_ASDP\Pachore_Mayuresh_Project_1\Pachore_Mayuresh_Project_1\Physical\Config1\X20CP1382\mappSafety\Package.pkg"
    LogicalPath="Config1.X20CP1382.mappSafety"
    Type="Package"
    LastWriteTime="133541019200000000" />
  <Object
    Path="D:\Pachore_Mayuresh_ASDP\Pachore_Mayuresh_Project_1\Pachore_Mayuresh_Project_1\Physical\Config1\X20CP1382\mappSafety\SafeApplication\Package.pkg"
    LogicalPath="Config1.X20CP1382.mappSafety.SafeApplication"
    Type="Package"
    LastWriteTime="133541019200000000" />
  <Object
    Path="D:\Pachore_Mayuresh_ASDP\Pachore_Mayuresh_Project_1\Pachore_Mayuresh_Project_1\Physical\Config1\X20CP1382\mappSafety\SafeCommissioning\Package.pkg"
    LogicalPath="Config1.X20CP1382.mappSafety.SafeCommissioning"
    Type="Package"
    LastWriteTime="133541019200000000" />
  <Object
    Path="D:\Pachore_Mayuresh_ASDP\Pachore_Mayuresh_Project_1\Pachore_Mayuresh_Project_1\Physical\Config1\X20CP1382\mappView\Package.pkg"
    LogicalPath="Config1.X20CP1382.mappView"
    Type="Package"
    LastWriteTime="133703427316857952" />
  <Object
    Path="D:\Pachore_Mayuresh_ASDP\Pachore_Mayuresh_Project_1\Pachore_Mayuresh_Project_1\Physical\Config1\X20CP1382\mappView\Visualizat.vis"
    LogicalPath="Config1.X20CP1382.mappView.Visualizat.vis"
    Type="File"
    LastWriteTime="133687822801657832"
    Private="false" />
  <Object
    Path="D:\Pachore_Mayuresh_ASDP\Pachore_Mayuresh_Project_1\Pachore_Mayuresh_Project_1\Physical\Config1\X20CP1382\mappView\Config.mappviewcfg"
    LogicalPath="Config1.X20CP1382.mappView.Config.mappviewcfg"
    Type="File"
    LastWriteTime="133677410880000000"
    Private="false" />
  <Object
    Path="D:\Pachore_Mayuresh_ASDP\Pachore_Mayuresh_Project_1\Pachore_Mayuresh_Project_1\Physical\Config1\X20CP1382\mappView\ContentTop.binding"
    LogicalPath="Config1.X20CP1382.mappView.ContentTop.binding"
    Type="File"
    LastWriteTime="133687807544556383"
    Private="false" />
  <Object
    Path="D:\Pachore_Mayuresh_ASDP\Pachore_Mayuresh_Project_1\Pachore_Mayuresh_Project_1\Physical\Config1\X20CP1382\mappView\ContentOperate.binding"
    LogicalPath="Config1.X20CP1382.mappView.ContentOperate.binding"
    Type="File"
    LastWriteTime="133690109746037660"
    Private="false" />
  <Object
    Path="D:\Pachore_Mayuresh_ASDP\Pachore_Mayuresh_Project_1\Pachore_Mayuresh_Project_1\Physical\Config1\X20CP1382\mappView\ContentManual.binding"
    LogicalPath="Config1.X20CP1382.mappView.ContentManual.binding"
    Type="File"
    LastWriteTime="133689719750350099"
    Private="false" />
  <Object
    Path="D:\Pachore_Mayuresh_ASDP\Pachore_Mayuresh_Project_1\Pachore_Mayuresh_Project_1\Physical\Config1\X20CP1382\mappView\OpcUaServer.uaserver"
    LogicalPath="Config1.X20CP1382.mappView.OpcUaServer.uaserver"
    Type="File"
    LastWriteTime="133703432895264399"
    Private="false" />
  <Object
    Path="D:\Pachore_Mayuresh_ASDP\Pachore_Mayuresh_Project_1\Pachore_Mayuresh_Project_1\Physical\Config1\X20CP1382\mappVision\Package.pkg"
    LogicalPath="Config1.X20CP1382.mappVision"
    Type="Package"
    LastWriteTime="133541019200000000" />
  <Object
    Path="D:\Pachore_Mayuresh_ASDP\Pachore_Mayuresh_Project_1\Pachore_Mayuresh_Project_1\Physical\Config1\X20CP1382\mappCockpit\Package.pkg"
    LogicalPath="Config1.X20CP1382.mappCockpit"
    Type="Package"
    LastWriteTime="133541019200000000" />
  <Object
    Path="D:\Pachore_Mayuresh_ASDP\Pachore_Mayuresh_Project_1\Pachore_Mayuresh_Project_1\Physical\Config1\X20CP1382\Motion\Package.pkg"
    LogicalPath="Config1.X20CP1382.Motion"
    Type="Package"
    LastWriteTime="133547210180000000" />
  <Object
    Path="D:\Pachore_Mayuresh_ASDP\Pachore_Mayuresh_Project_1\Pachore_Mayuresh_Project_1\Physical\Config1\X20CP1382\Motion\Acp10cfg.ncc"
    LogicalPath="Config1.X20CP1382.Motion.Acp10cfg.ncc"
    Type="File"
    LastWriteTime="133541095880000000"
    Private="false" />
  <Object
    Path="D:\Pachore_Mayuresh_ASDP\Pachore_Mayuresh_Project_1\Pachore_Mayuresh_Project_1\Physical\Config1\X20CP1382\Motion\Acp10map.ncm"
    LogicalPath="Config1.X20CP1382.Motion.Acp10map.ncm"
    Type="File"
    LastWriteTime="133541095880000000"
    Private="false" />
  <Object
    Path="D:\Pachore_Mayuresh_ASDP\Pachore_Mayuresh_Project_1\Pachore_Mayuresh_Project_1\Physical\Config1\X20CP1382\Motion\Config.mpaxisbasic"
    LogicalPath="Config1.X20CP1382.Motion.Config.mpaxisbasic"
    Type="File"
    LastWriteTime="133547206960000000"
    Private="false" />
  <Object
    Path="D:\Pachore_Mayuresh_ASDP\Pachore_Mayuresh_Project_1\Pachore_Mayuresh_Project_1\Physical\Config1\X20CP1382\Motion\Acp10sys.br"
    LogicalPath="Config1.X20CP1382.Motion.Acp10sys.br"
    Type="File"
    LastWriteTime="133547210180000000"
    Private="false" />
  <Object
    Path="D:\Pachore_Mayuresh_ASDP\Pachore_Mayuresh_Project_1\Pachore_Mayuresh_Project_1\Physical\Config1\Hardware.jpg"
    LogicalPath="Config1.Hardware.jpg"
    Type="File"
    LastWriteTime="133547074980000000"
    Private="false" />
</Objects>