<?xml version="1.0" encoding="utf-8"?>
<?AutomationStudio Version=3.0?>
<Transfer xmlns="http://br-automation.co.at/AS/Transfer">
  <OperatingSystem Version="B4.91"/>
  <Hardware Target="SG4"/>
  <Operation Delete="Signal_Man.br"/>
  <Operation Delete="ComTCP_P.br"/>
  <Operation Delete="Feeder.br"/>
  <Operation Delete="Crane.br"/>
  <Operation Delete="Pallet.br"/>
  <Operation Delete="Output_Bri.br"/>
  <Operation Delete="Input_Brid.br"/>
  <Operation Delete="Main_Contr.br"/>
  <Operation Delete="sys_lib.br"/>
  <Operation Delete="AsArLog.br"/>
  <Operation Delete="mvLoader.br"/>
  <Operation Delete="Blink.br"/>
  <Operation Delete="Signal_Mng.br"/>
  <Operation Delete="AsTCP.br"/>
  <Operation Delete="Gen_Axis.br"/>
  <Operation Delete="Gen_Device.br"/>
  <Operation Delete="S_filter.br"/>
  <Operation Delete="asieccon.br"/>
  <Operation Delete="astime.br"/>
  <Operation Delete="fileio.br"/>
  <Operation Delete="arssl.br"/>
  <Operation Download="asfw.br" Memory="SystemROM"/>
  <Operation Download="ashwd.br" Memory="SystemROM"/>
  <Operation Download="arconfig.br" Memory="SystemROM"/>
  <Operation Download="sysconf.br" Memory="SystemROM"/>
  <Operation Restart="warm"/>
  <Operation Download="udbdef.br" Memory="UserROM"/>
  <Operation Download="FWRules.br" Memory="UserROM"/>
  <Operation Download="TCData.br" Memory="SystemROM"/>
  <Operation Download="TCLang.br" Memory="UserROM"/>
  <Operation Download="Role.br" Memory="UserROM"/>
  <Operation Download="User.br" Memory="UserROM"/>
  <Operation Download="iomap.br" Memory="UserROM"/>
  <Operation Download="ashwac.br" Memory="UserROM"/>
  <Operation Download="TC.br" Memory="UserROM"/>
  <Operation Download="operator.br" Memory="UserROM"/>
  <Operation Download="standard.br" Memory="UserROM"/>
  <Operation Download="AsBrStr.br" Memory="UserROM"/>
  <Operation Download="runtime.br" Memory="UserROM"/>
  <Operation Download="arssl.br" Memory="UserROM"/>
  <Operation Download="fileio.br" Memory="UserROM"/>
  <Operation Download="astime.br" Memory="UserROM"/>
  <Operation Download="asieccon.br" Memory="UserROM"/>
  <Operation Download="S_filter.br" Memory="UserROM"/>
  <Operation Download="Gen_Device.br" Memory="UserROM"/>
  <Operation Download="Gen_Axis.br" Memory="UserROM"/>
  <Operation Download="AsTCP.br" Memory="UserROM"/>
  <Operation Download="Signal_Mng.br" Memory="UserROM"/>
  <Operation Download="Blink.br" Memory="UserROM"/>
  <Operation Download="mvLoader.br" Memory="UserROM"/>
  <Operation Download="AsArLog.br" Memory="UserROM"/>
  <Operation Download="sys_lib.br" Memory="UserROM"/>
  <Operation Download="Main_Contr.br" Memory="UserROM"/>
  <Operation Download="Input_Brid.br" Memory="UserROM"/>
  <Operation Download="Output_Bri.br" Memory="UserROM"/>
  <Operation Download="Pallet.br" Memory="UserROM"/>
  <Operation Download="Crane.br" Memory="UserROM"/>
  <Operation Download="Feeder.br" Memory="UserROM"/>
  <Operation Download="ComTCP_P.br" Memory="UserROM"/>
  <Operation Download="Signal_Man.br" Memory="UserROM"/>
</Transfer>